硬核教学：如何在路边拍出大片？
http://v.douyin.com/2fA7UU/

也别整天看着俩老头老太太互相搀扶着就“这就是爱情最美的模样”的了，就是走不动道了互相搀着点免得摔死，爱情最美的模样啥样我不知道，反正要让我一把年纪还搀着老公免得摔死，那我会觉得一点都不美也不爱情。
https://weibo.com/2330156474/HecyhAai8

特朗普税改一周年：供给侧减税救了美国经济吗？
https://wallstreetcn.com/articles/3494978

帝国的财政逻辑：中西赋税制度的根本区别
https://mp.weixin.qq.com/s/aXKlQVtwz_VH_joxS8Eq9g

委内瑞拉，一个参加抗议的女孩展示被国民警卫队发射的催泪瓦斯弹击中胸部后留下的印痕～
http://video.weibo.com/show?fid=1034:4350769793842708

远看还真以为是新设计的字体了。。。
http://dig.chouti.com/pic/show?nid=f3c228a352e5baac913f8671b4fdfb07&lid=25196061

【没有绝对安全的USB接口 一根数据线如何变身电脑杀手】近日，研究人员公布一个新漏洞“Thunderclap”，影响Mac、Windows与Linux平台。该漏洞会影响所有使用Thunderbolt接口的设备，并允许黑客通过插入数据线来黑入PC。
https://www.leiphone.com/news/201903/E3Y9x4TAjYn8wwb2.html

【日本坦克在美国本土驰骋】当地时间2月9日至2月24日，日本陆上自卫队第7师团第72战车联队同美国陆军第25步兵师第1斯崔克旅级战斗队在美国加利福尼亚州欧文堡国家训练中心进行联合训练。欧文堡基地是美军最早大规模建立专业假想敌部队的基地，我军的朱日和基地就是参考欧文堡建立的。
https://weibo.com/tv/v/HlkrWgWGD

【美妆“全球代言人”变迁史：三十年河西，三十年河东】从大众品牌到高端品牌；从超模到流量明星；从品牌大使到全球代言人，我们可以看出，随着经济、媒介、娱乐业的发展，中国明星之于国际品牌的角色变迁史，亦是中国市场之于全球美妆的地位进阶史。
https://mp.weixin.qq.com/s/cGPMa6FMOFwuUOceZPIJhQ

【亚马逊第二总部重大进展：弗吉尼亚当地批准5100万美元奖励，其中2300万美元会是现金】在纽约第二总部因受阻而宣布取消后，本周六，由五名成员组成的阿灵顿县委员会全票通过了对亚马逊的财务奖励方案。此外，弗吉尼亚州还向亚马逊提供了7.5亿美元的一揽子优惠计划，州议会几乎没有任何反对就通过了优惠计划。
http://tech.qq.com/a/20190317/002033.htm

【他把“黄背心”做进了游戏，让玩家感受吃瓜群众的“力量”】这是第一款以城市骚乱为主题的策略游戏，并且制作者为其定义了一个绕口的艺术门类——“互动社会运动纪录片”。游戏中扮演示威者的体验，非常类似于《上帝也疯狂》《地下城守护者》等等牛蛙经典游戏。
http://www.yystv.cn/p/4780

【海昏侯墓发现汉代“六博”棋谱：兵种棋盘类游戏鼻祖】3月14日，江西南昌，海昏侯刘贺墓出土5200余枚简牍中，研究人员辨识出千余枚竹简上记载了一种名为“六博棋”的行棋口诀，属首次发现。“六博”是春秋战国十分流行的一种棋类游戏，是象棋、国际象棋的鼻祖，“棋谱复原后就可以知道该怎么下六博棋”。
http://n.miaopai.com/media/AlZmiXgI7lM2DRgv-LhL-EiMS2PSM3Yw

【83岁吃货爷爷撒娇 ：你给我买嘛】“吃碗螺蛳粉，赢钱赢得狠”、“可乐整两瓶，想输都不行”、“奶茶配珍珠，打牌不会输”...近日，重庆的杨小姐与自己爷爷的聊天记录走红。聊天里老人为让孙女给自己买好吃的，编顺口溜撒娇。杨小姐说，撒娇是83岁爷爷的常态。
https://www.thepaper.cn/newsDetail_forward_3150814

俄苏歌曲冷知识
https://weibo.com/2811286085/HlkcfbwgI

【女子车祸后逃逸8天被抓：对方撞的我，死了活该】山东德州，两辆电动车在路口相撞，其中一位63岁的电动车司机倒地受伤，另一位电动车司机肖某回头看了一眼后，便离开现场。肖某逃逸8天后被抓，怒斥是对方撞上来的，死了活该。目前肖某因肇事逃逸，负事故全部责任。
https://www.pearvideo.com/video_1530717

【深圳楼市繁华落幕，炒房没钱赚了】由于深圳商品房在住房总量中占比极低，大头还是由城中村支撑。因此，只有改善型客户入市，才能带来整个楼市轮换，拉高交易量。
https://www.jiemian.com/article/2954707.html

在线协作文档是你的生产力工具，却是美国00后的私密聊天室
https://www.ifanr.com/1186241?utm_source=rss&utm_medium=rss&utm_campaign=

今年的影帝就给你们俩了
http://video.weibo.com/show?fid=1034:4350703557389460

【Louis Vuitton将不会生产以 Michael Jackson 为灵感的 2019 秋冬系列单品】LV男装创意总监Virgil Abloh表示2019年秋季男装中部分设计灵感源于Michael Jackson，一度引发业界好评，但情况在HBO《离开梦幻岛》播出后发生急剧变化，间接地引发观众对Virgil Abloh以MJ为灵感举措的质疑。
https://mp.weixin.qq.com/s/Ft9i2uLd5HBy9ZfuST_sVw

最幸福的事情就是找几个朋友一起去屋顶卡着晒太阳！！！
http://dig.chouti.com/pic/show?nid=78b170abec9fb03cc1ae0dad418561be&lid=25192131

【50亿跨境并购结果项目破产，光大资本、暴风集团“善后”求解】英国体育版权巨头MPS未能给投资人带来回报，还因债务危机在去年被法院裁定破产清算，这令参与此宗交易的中资方面的巨额投资几乎血本无归。
https://mp.weixin.qq.com/s/PjesO7OR89ugnua4YhIrmA

今晨三星商城被黑客攻击出现bug价，从0点前后一直到3:45，羊毛党发现Galaxy S10系列机型出现过1300/2400/3000的价格直减，部分S10机型一度被羊毛党买断货。三星回应称，前几天的BUG价S10订单不会发货，但作为补偿会送价值699的AKG蓝牙耳机。
https://www.ithome.com/0/414/774.htm

告别大绿棒子，喝点精酿吧！精酿啤酒入门通识其一
https://www.gcores.com/articles/107251

【创始人死于30个月前】2016年10月5日，春雨创始人张锐因突发性心肌梗塞去世。2018年12月，当春雨医生终于和华润签订了投资协议，但钱还没到位的情况下，作为张锐的继任者，张琨正式从春雨医生离职。
https://mp.weixin.qq.com/s/RspZXTybE6FIOIGCqPXrDg

这题真不赖娃
http://dig.chouti.com/pic/show?nid=7e6e53164a1876ddb597e13401e9f074&lid=25196371

古天乐《明日战记》最新预告“我就系天幕·······天幕就系我·············”
http://video.weibo.com/show?fid=1034:4350605209311334

硬核教学：如何在路边拍出大片？
http://v.douyin.com/2fA7UU/

也别整天看着俩老头老太太互相搀扶着就“这就是爱情最美的模样”的了，就是走不动道了互相搀着点免得摔死，爱情最美的模样啥样我不知道，反正要让我一把年纪还搀着老公免得摔死，那我会觉得一点都不美也不爱情。
https://weibo.com/2330156474/HecyhAai8

特朗普税改一周年：供给侧减税救了美国经济吗？
https://wallstreetcn.com/articles/3494978

帝国的财政逻辑：中西赋税制度的根本区别
https://mp.weixin.qq.com/s/aXKlQVtwz_VH_joxS8Eq9g

委内瑞拉，一个参加抗议的女孩展示被国民警卫队发射的催泪瓦斯弹击中胸部后留下的印痕～
http://video.weibo.com/show?fid=1034:4350769793842708

远看还真以为是新设计的字体了。。。
http://dig.chouti.com/pic/show?nid=f3c228a352e5baac913f8671b4fdfb07&lid=25196061

【没有绝对安全的USB接口 一根数据线如何变身电脑杀手】近日，研究人员公布一个新漏洞“Thunderclap”，影响Mac、Windows与Linux平台。该漏洞会影响所有使用Thunderbolt接口的设备，并允许黑客通过插入数据线来黑入PC。
https://www.leiphone.com/news/201903/E3Y9x4TAjYn8wwb2.html

【日本坦克在美国本土驰骋】当地时间2月9日至2月24日，日本陆上自卫队第7师团第72战车联队同美国陆军第25步兵师第1斯崔克旅级战斗队在美国加利福尼亚州欧文堡国家训练中心进行联合训练。欧文堡基地是美军最早大规模建立专业假想敌部队的基地，我军的朱日和基地就是参考欧文堡建立的。
https://weibo.com/tv/v/HlkrWgWGD

【美妆“全球代言人”变迁史：三十年河西，三十年河东】从大众品牌到高端品牌；从超模到流量明星；从品牌大使到全球代言人，我们可以看出，随着经济、媒介、娱乐业的发展，中国明星之于国际品牌的角色变迁史，亦是中国市场之于全球美妆的地位进阶史。
https://mp.weixin.qq.com/s/cGPMa6FMOFwuUOceZPIJhQ

【亚马逊第二总部重大进展：弗吉尼亚当地批准5100万美元奖励，其中2300万美元会是现金】在纽约第二总部因受阻而宣布取消后，本周六，由五名成员组成的阿灵顿县委员会全票通过了对亚马逊的财务奖励方案。此外，弗吉尼亚州还向亚马逊提供了7.5亿美元的一揽子优惠计划，州议会几乎没有任何反对就通过了优惠计划。
http://tech.qq.com/a/20190317/002033.htm

【他把“黄背心”做进了游戏，让玩家感受吃瓜群众的“力量”】这是第一款以城市骚乱为主题的策略游戏，并且制作者为其定义了一个绕口的艺术门类——“互动社会运动纪录片”。游戏中扮演示威者的体验，非常类似于《上帝也疯狂》《地下城守护者》等等牛蛙经典游戏。
http://www.yystv.cn/p/4780

【海昏侯墓发现汉代“六博”棋谱：兵种棋盘类游戏鼻祖】3月14日，江西南昌，海昏侯刘贺墓出土5200余枚简牍中，研究人员辨识出千余枚竹简上记载了一种名为“六博棋”的行棋口诀，属首次发现。“六博”是春秋战国十分流行的一种棋类游戏，是象棋、国际象棋的鼻祖，“棋谱复原后就可以知道该怎么下六博棋”。
http://n.miaopai.com/media/AlZmiXgI7lM2DRgv-LhL-EiMS2PSM3Yw

【83岁吃货爷爷撒娇 ：你给我买嘛】“吃碗螺蛳粉，赢钱赢得狠”、“可乐整两瓶，想输都不行”、“奶茶配珍珠，打牌不会输”...近日，重庆的杨小姐与自己爷爷的聊天记录走红。聊天里老人为让孙女给自己买好吃的，编顺口溜撒娇。杨小姐说，撒娇是83岁爷爷的常态。
https://www.thepaper.cn/newsDetail_forward_3150814

俄苏歌曲冷知识
https://weibo.com/2811286085/HlkcfbwgI

【女子车祸后逃逸8天被抓：对方撞的我，死了活该】山东德州，两辆电动车在路口相撞，其中一位63岁的电动车司机倒地受伤，另一位电动车司机肖某回头看了一眼后，便离开现场。肖某逃逸8天后被抓，怒斥是对方撞上来的，死了活该。目前肖某因肇事逃逸，负事故全部责任。
https://www.pearvideo.com/video_1530717

【深圳楼市繁华落幕，炒房没钱赚了】由于深圳商品房在住房总量中占比极低，大头还是由城中村支撑。因此，只有改善型客户入市，才能带来整个楼市轮换，拉高交易量。
https://www.jiemian.com/article/2954707.html

在线协作文档是你的生产力工具，却是美国00后的私密聊天室
https://www.ifanr.com/1186241?utm_source=rss&utm_medium=rss&utm_campaign=

今年的影帝就给你们俩了
http://video.weibo.com/show?fid=1034:4350703557389460

【Louis Vuitton将不会生产以 Michael Jackson 为灵感的 2019 秋冬系列单品】LV男装创意总监Virgil Abloh表示2019年秋季男装中部分设计灵感源于Michael Jackson，一度引发业界好评，但情况在HBO《离开梦幻岛》播出后发生急剧变化，间接地引发观众对Virgil Abloh以MJ为灵感举措的质疑。
https://mp.weixin.qq.com/s/Ft9i2uLd5HBy9ZfuST_sVw

最幸福的事情就是找几个朋友一起去屋顶卡着晒太阳！！！
http://dig.chouti.com/pic/show?nid=78b170abec9fb03cc1ae0dad418561be&lid=25192131

【50亿跨境并购结果项目破产，光大资本、暴风集团“善后”求解】英国体育版权巨头MPS未能给投资人带来回报，还因债务危机在去年被法院裁定破产清算，这令参与此宗交易的中资方面的巨额投资几乎血本无归。
https://mp.weixin.qq.com/s/PjesO7OR89ugnua4YhIrmA

今晨三星商城被黑客攻击出现bug价，从0点前后一直到3:45，羊毛党发现Galaxy S10系列机型出现过1300/2400/3000的价格直减，部分S10机型一度被羊毛党买断货。三星回应称，前几天的BUG价S10订单不会发货，但作为补偿会送价值699的AKG蓝牙耳机。
https://www.ithome.com/0/414/774.htm

告别大绿棒子，喝点精酿吧！精酿啤酒入门通识其一
https://www.gcores.com/articles/107251

【创始人死于30个月前】2016年10月5日，春雨创始人张锐因突发性心肌梗塞去世。2018年12月，当春雨医生终于和华润签订了投资协议，但钱还没到位的情况下，作为张锐的继任者，张琨正式从春雨医生离职。
https://mp.weixin.qq.com/s/RspZXTybE6FIOIGCqPXrDg

古天乐《明日战记》最新预告“我就系天幕·······天幕就系我·············”
http://video.weibo.com/show?fid=1034:4350605209311334

硬核教学：如何在路边拍出大片？
http://v.douyin.com/2fA7UU/

也别整天看着俩老头老太太互相搀扶着就“这就是爱情最美的模样”的了，就是走不动道了互相搀着点免得摔死，爱情最美的模样啥样我不知道，反正要让我一把年纪还搀着老公免得摔死，那我会觉得一点都不美也不爱情。
https://weibo.com/2330156474/HecyhAai8

特朗普税改一周年：供给侧减税救了美国经济吗？
https://wallstreetcn.com/articles/3494978

帝国的财政逻辑：中西赋税制度的根本区别
https://mp.weixin.qq.com/s/aXKlQVtwz_VH_joxS8Eq9g

委内瑞拉，一个参加抗议的女孩展示被国民警卫队发射的催泪瓦斯弹击中胸部后留下的印痕～
http://video.weibo.com/show?fid=1034:4350769793842708

远看还真以为是新设计的字体了。。。
http://dig.chouti.com/pic/show?nid=f3c228a352e5baac913f8671b4fdfb07&lid=25196061

【没有绝对安全的USB接口 一根数据线如何变身电脑杀手】近日，研究人员公布一个新漏洞“Thunderclap”，影响Mac、Windows与Linux平台。该漏洞会影响所有使用Thunderbolt接口的设备，并允许黑客通过插入数据线来黑入PC。
https://www.leiphone.com/news/201903/E3Y9x4TAjYn8wwb2.html

【日本坦克在美国本土驰骋】当地时间2月9日至2月24日，日本陆上自卫队第7师团第72战车联队同美国陆军第25步兵师第1斯崔克旅级战斗队在美国加利福尼亚州欧文堡国家训练中心进行联合训练。欧文堡基地是美军最早大规模建立专业假想敌部队的基地，我军的朱日和基地就是参考欧文堡建立的。
https://weibo.com/tv/v/HlkrWgWGD

【美妆“全球代言人”变迁史：三十年河西，三十年河东】从大众品牌到高端品牌；从超模到流量明星；从品牌大使到全球代言人，我们可以看出，随着经济、媒介、娱乐业的发展，中国明星之于国际品牌的角色变迁史，亦是中国市场之于全球美妆的地位进阶史。
https://mp.weixin.qq.com/s/cGPMa6FMOFwuUOceZPIJhQ

【亚马逊第二总部重大进展：弗吉尼亚当地批准5100万美元奖励，其中2300万美元会是现金】在纽约第二总部因受阻而宣布取消后，本周六，由五名成员组成的阿灵顿县委员会全票通过了对亚马逊的财务奖励方案。此外，弗吉尼亚州还向亚马逊提供了7.5亿美元的一揽子优惠计划，州议会几乎没有任何反对就通过了优惠计划。
http://tech.qq.com/a/20190317/002033.htm

【他把“黄背心”做进了游戏，让玩家感受吃瓜群众的“力量”】这是第一款以城市骚乱为主题的策略游戏，并且制作者为其定义了一个绕口的艺术门类——“互动社会运动纪录片”。游戏中扮演示威者的体验，非常类似于《上帝也疯狂》《地下城守护者》等等牛蛙经典游戏。
http://www.yystv.cn/p/4780

【海昏侯墓发现汉代“六博”棋谱：兵种棋盘类游戏鼻祖】3月14日，江西南昌，海昏侯刘贺墓出土5200余枚简牍中，研究人员辨识出千余枚竹简上记载了一种名为“六博棋”的行棋口诀，属首次发现。“六博”是春秋战国十分流行的一种棋类游戏，是象棋、国际象棋的鼻祖，“棋谱复原后就可以知道该怎么下六博棋”。
http://n.miaopai.com/media/AlZmiXgI7lM2DRgv-LhL-EiMS2PSM3Yw

【83岁吃货爷爷撒娇 ：你给我买嘛】“吃碗螺蛳粉，赢钱赢得狠”、“可乐整两瓶，想输都不行”、“奶茶配珍珠，打牌不会输”...近日，重庆的杨小姐与自己爷爷的聊天记录走红。聊天里老人为让孙女给自己买好吃的，编顺口溜撒娇。杨小姐说，撒娇是83岁爷爷的常态。
https://www.thepaper.cn/newsDetail_forward_3150814

俄苏歌曲冷知识
https://weibo.com/2811286085/HlkcfbwgI

【女子车祸后逃逸8天被抓：对方撞的我，死了活该】山东德州，两辆电动车在路口相撞，其中一位63岁的电动车司机倒地受伤，另一位电动车司机肖某回头看了一眼后，便离开现场。肖某逃逸8天后被抓，怒斥是对方撞上来的，死了活该。目前肖某因肇事逃逸，负事故全部责任。
https://www.pearvideo.com/video_1530717

【深圳楼市繁华落幕，炒房没钱赚了】由于深圳商品房在住房总量中占比极低，大头还是由城中村支撑。因此，只有改善型客户入市，才能带来整个楼市轮换，拉高交易量。
https://www.jiemian.com/article/2954707.html

在线协作文档是你的生产力工具，却是美国00后的私密聊天室
https://www.ifanr.com/1186241?utm_source=rss&utm_medium=rss&utm_campaign=

今年的影帝就给你们俩了
http://video.weibo.com/show?fid=1034:4350703557389460

【Louis Vuitton将不会生产以 Michael Jackson 为灵感的 2019 秋冬系列单品】LV男装创意总监Virgil Abloh表示2019年秋季男装中部分设计灵感源于Michael Jackson，一度引发业界好评，但情况在HBO《离开梦幻岛》播出后发生急剧变化，间接地引发观众对Virgil Abloh以MJ为灵感举措的质疑。
https://mp.weixin.qq.com/s/Ft9i2uLd5HBy9ZfuST_sVw

最幸福的事情就是找几个朋友一起去屋顶卡着晒太阳！！！
http://dig.chouti.com/pic/show?nid=78b170abec9fb03cc1ae0dad418561be&lid=25192131

【50亿跨境并购结果项目破产，光大资本、暴风集团“善后”求解】英国体育版权巨头MPS未能给投资人带来回报，还因债务危机在去年被法院裁定破产清算，这令参与此宗交易的中资方面的巨额投资几乎血本无归。
https://mp.weixin.qq.com/s/PjesO7OR89ugnua4YhIrmA

今晨三星商城被黑客攻击出现bug价，从0点前后一直到3:45，羊毛党发现Galaxy S10系列机型出现过1300/2400/3000的价格直减，部分S10机型一度被羊毛党买断货。三星回应称，前几天的BUG价S10订单不会发货，但作为补偿会送价值699的AKG蓝牙耳机。
https://www.ithome.com/0/414/774.htm

告别大绿棒子，喝点精酿吧！精酿啤酒入门通识其一
https://www.gcores.com/articles/107251

【创始人死于30个月前】2016年10月5日，春雨创始人张锐因突发性心肌梗塞去世。2018年12月，当春雨医生终于和华润签订了投资协议，但钱还没到位的情况下，作为张锐的继任者，张琨正式从春雨医生离职。
https://mp.weixin.qq.com/s/RspZXTybE6FIOIGCqPXrDg

古天乐《明日战记》最新预告“我就系天幕·······天幕就系我·············”
http://video.weibo.com/show?fid=1034:4350605209311334

硬核教学：如何在路边拍出大片？
http://v.douyin.com/2fA7UU/

也别整天看着俩老头老太太互相搀扶着就“这就是爱情最美的模样”的了，就是走不动道了互相搀着点免得摔死，爱情最美的模样啥样我不知道，反正要让我一把年纪还搀着老公免得摔死，那我会觉得一点都不美也不爱情。
https://weibo.com/2330156474/HecyhAai8

特朗普税改一周年：供给侧减税救了美国经济吗？
https://wallstreetcn.com/articles/3494978

帝国的财政逻辑：中西赋税制度的根本区别
https://mp.weixin.qq.com/s/aXKlQVtwz_VH_joxS8Eq9g

委内瑞拉，一个参加抗议的女孩展示被国民警卫队发射的催泪瓦斯弹击中胸部后留下的印痕～
http://video.weibo.com/show?fid=1034:4350769793842708

远看还真以为是新设计的字体了。。。
http://dig.chouti.com/pic/show?nid=f3c228a352e5baac913f8671b4fdfb07&lid=25196061

【没有绝对安全的USB接口 一根数据线如何变身电脑杀手】近日，研究人员公布一个新漏洞“Thunderclap”，影响Mac、Windows与Linux平台。该漏洞会影响所有使用Thunderbolt接口的设备，并允许黑客通过插入数据线来黑入PC。
https://www.leiphone.com/news/201903/E3Y9x4TAjYn8wwb2.html

【日本坦克在美国本土驰骋】当地时间2月9日至2月24日，日本陆上自卫队第7师团第72战车联队同美国陆军第25步兵师第1斯崔克旅级战斗队在美国加利福尼亚州欧文堡国家训练中心进行联合训练。欧文堡基地是美军最早大规模建立专业假想敌部队的基地，我军的朱日和基地就是参考欧文堡建立的。
https://weibo.com/tv/v/HlkrWgWGD

【美妆“全球代言人”变迁史：三十年河西，三十年河东】从大众品牌到高端品牌；从超模到流量明星；从品牌大使到全球代言人，我们可以看出，随着经济、媒介、娱乐业的发展，中国明星之于国际品牌的角色变迁史，亦是中国市场之于全球美妆的地位进阶史。
https://mp.weixin.qq.com/s/cGPMa6FMOFwuUOceZPIJhQ

【亚马逊第二总部重大进展：弗吉尼亚当地批准5100万美元奖励，其中2300万美元会是现金】在纽约第二总部因受阻而宣布取消后，本周六，由五名成员组成的阿灵顿县委员会全票通过了对亚马逊的财务奖励方案。此外，弗吉尼亚州还向亚马逊提供了7.5亿美元的一揽子优惠计划，州议会几乎没有任何反对就通过了优惠计划。
http://tech.qq.com/a/20190317/002033.htm

【他把“黄背心”做进了游戏，让玩家感受吃瓜群众的“力量”】这是第一款以城市骚乱为主题的策略游戏，并且制作者为其定义了一个绕口的艺术门类——“互动社会运动纪录片”。游戏中扮演示威者的体验，非常类似于《上帝也疯狂》《地下城守护者》等等牛蛙经典游戏。
http://www.yystv.cn/p/4780

【海昏侯墓发现汉代“六博”棋谱：兵种棋盘类游戏鼻祖】3月14日，江西南昌，海昏侯刘贺墓出土5200余枚简牍中，研究人员辨识出千余枚竹简上记载了一种名为“六博棋”的行棋口诀，属首次发现。“六博”是春秋战国十分流行的一种棋类游戏，是象棋、国际象棋的鼻祖，“棋谱复原后就可以知道该怎么下六博棋”。
http://n.miaopai.com/media/AlZmiXgI7lM2DRgv-LhL-EiMS2PSM3Yw

【83岁吃货爷爷撒娇 ：你给我买嘛】“吃碗螺蛳粉，赢钱赢得狠”、“可乐整两瓶，想输都不行”、“奶茶配珍珠，打牌不会输”...近日，重庆的杨小姐与自己爷爷的聊天记录走红。聊天里老人为让孙女给自己买好吃的，编顺口溜撒娇。杨小姐说，撒娇是83岁爷爷的常态。
https://www.thepaper.cn/newsDetail_forward_3150814

俄苏歌曲冷知识
https://weibo.com/2811286085/HlkcfbwgI

【女子车祸后逃逸8天被抓：对方撞的我，死了活该】山东德州，两辆电动车在路口相撞，其中一位63岁的电动车司机倒地受伤，另一位电动车司机肖某回头看了一眼后，便离开现场。肖某逃逸8天后被抓，怒斥是对方撞上来的，死了活该。目前肖某因肇事逃逸，负事故全部责任。
https://www.pearvideo.com/video_1530717

【深圳楼市繁华落幕，炒房没钱赚了】由于深圳商品房在住房总量中占比极低，大头还是由城中村支撑。因此，只有改善型客户入市，才能带来整个楼市轮换，拉高交易量。
https://www.jiemian.com/article/2954707.html

在线协作文档是你的生产力工具，却是美国00后的私密聊天室
https://www.ifanr.com/1186241?utm_source=rss&utm_medium=rss&utm_campaign=

今年的影帝就给你们俩了
http://video.weibo.com/show?fid=1034:4350703557389460

【Louis Vuitton将不会生产以 Michael Jackson 为灵感的 2019 秋冬系列单品】LV男装创意总监Virgil Abloh表示2019年秋季男装中部分设计灵感源于Michael Jackson，一度引发业界好评，但情况在HBO《离开梦幻岛》播出后发生急剧变化，间接地引发观众对Virgil Abloh以MJ为灵感举措的质疑。
https://mp.weixin.qq.com/s/Ft9i2uLd5HBy9ZfuST_sVw

最幸福的事情就是找几个朋友一起去屋顶卡着晒太阳！！！
http://dig.chouti.com/pic/show?nid=78b170abec9fb03cc1ae0dad418561be&lid=25192131

【50亿跨境并购结果项目破产，光大资本、暴风集团“善后”求解】英国体育版权巨头MPS未能给投资人带来回报，还因债务危机在去年被法院裁定破产清算，这令参与此宗交易的中资方面的巨额投资几乎血本无归。
https://mp.weixin.qq.com/s/PjesO7OR89ugnua4YhIrmA

今晨三星商城被黑客攻击出现bug价，从0点前后一直到3:45，羊毛党发现Galaxy S10系列机型出现过1300/2400/3000的价格直减，部分S10机型一度被羊毛党买断货。三星回应称，前几天的BUG价S10订单不会发货，但作为补偿会送价值699的AKG蓝牙耳机。
https://www.ithome.com/0/414/774.htm

告别大绿棒子，喝点精酿吧！精酿啤酒入门通识其一
https://www.gcores.com/articles/107251

【创始人死于30个月前】2016年10月5日，春雨创始人张锐因突发性心肌梗塞去世。2018年12月，当春雨医生终于和华润签订了投资协议，但钱还没到位的情况下，作为张锐的继任者，张琨正式从春雨医生离职。
https://mp.weixin.qq.com/s/RspZXTybE6FIOIGCqPXrDg

古天乐《明日战记》最新预告“我就系天幕·······天幕就系我·············”
http://video.weibo.com/show?fid=1034:4350605209311334

硬核教学：如何在路边拍出大片？
http://v.douyin.com/2fA7UU/

也别整天看着俩老头老太太互相搀扶着就“这就是爱情最美的模样”的了，就是走不动道了互相搀着点免得摔死，爱情最美的模样啥样我不知道，反正要让我一把年纪还搀着老公免得摔死，那我会觉得一点都不美也不爱情。
https://weibo.com/2330156474/HecyhAai8

特朗普税改一周年：供给侧减税救了美国经济吗？
https://wallstreetcn.com/articles/3494978

帝国的财政逻辑：中西赋税制度的根本区别
https://mp.weixin.qq.com/s/aXKlQVtwz_VH_joxS8Eq9g

委内瑞拉，一个参加抗议的女孩展示被国民警卫队发射的催泪瓦斯弹击中胸部后留下的印痕～
http://video.weibo.com/show?fid=1034:4350769793842708

远看还真以为是新设计的字体了。。。
http://dig.chouti.com/pic/show?nid=f3c228a352e5baac913f8671b4fdfb07&lid=25196061

【没有绝对安全的USB接口 一根数据线如何变身电脑杀手】近日，研究人员公布一个新漏洞“Thunderclap”，影响Mac、Windows与Linux平台。该漏洞会影响所有使用Thunderbolt接口的设备，并允许黑客通过插入数据线来黑入PC。
https://www.leiphone.com/news/201903/E3Y9x4TAjYn8wwb2.html

【日本坦克在美国本土驰骋】当地时间2月9日至2月24日，日本陆上自卫队第7师团第72战车联队同美国陆军第25步兵师第1斯崔克旅级战斗队在美国加利福尼亚州欧文堡国家训练中心进行联合训练。欧文堡基地是美军最早大规模建立专业假想敌部队的基地，我军的朱日和基地就是参考欧文堡建立的。
https://weibo.com/tv/v/HlkrWgWGD

【美妆“全球代言人”变迁史：三十年河西，三十年河东】从大众品牌到高端品牌；从超模到流量明星；从品牌大使到全球代言人，我们可以看出，随着经济、媒介、娱乐业的发展，中国明星之于国际品牌的角色变迁史，亦是中国市场之于全球美妆的地位进阶史。
https://mp.weixin.qq.com/s/cGPMa6FMOFwuUOceZPIJhQ

【亚马逊第二总部重大进展：弗吉尼亚当地批准5100万美元奖励，其中2300万美元会是现金】在纽约第二总部因受阻而宣布取消后，本周六，由五名成员组成的阿灵顿县委员会全票通过了对亚马逊的财务奖励方案。此外，弗吉尼亚州还向亚马逊提供了7.5亿美元的一揽子优惠计划，州议会几乎没有任何反对就通过了优惠计划。
http://tech.qq.com/a/20190317/002033.htm

【他把“黄背心”做进了游戏，让玩家感受吃瓜群众的“力量”】这是第一款以城市骚乱为主题的策略游戏，并且制作者为其定义了一个绕口的艺术门类——“互动社会运动纪录片”。游戏中扮演示威者的体验，非常类似于《上帝也疯狂》《地下城守护者》等等牛蛙经典游戏。
http://www.yystv.cn/p/4780

【海昏侯墓发现汉代“六博”棋谱：兵种棋盘类游戏鼻祖】3月14日，江西南昌，海昏侯刘贺墓出土5200余枚简牍中，研究人员辨识出千余枚竹简上记载了一种名为“六博棋”的行棋口诀，属首次发现。“六博”是春秋战国十分流行的一种棋类游戏，是象棋、国际象棋的鼻祖，“棋谱复原后就可以知道该怎么下六博棋”。
http://n.miaopai.com/media/AlZmiXgI7lM2DRgv-LhL-EiMS2PSM3Yw

【83岁吃货爷爷撒娇 ：你给我买嘛】“吃碗螺蛳粉，赢钱赢得狠”、“可乐整两瓶，想输都不行”、“奶茶配珍珠，打牌不会输”...近日，重庆的杨小姐与自己爷爷的聊天记录走红。聊天里老人为让孙女给自己买好吃的，编顺口溜撒娇。杨小姐说，撒娇是83岁爷爷的常态。
https://www.thepaper.cn/newsDetail_forward_3150814

俄苏歌曲冷知识
https://weibo.com/2811286085/HlkcfbwgI

【女子车祸后逃逸8天被抓：对方撞的我，死了活该】山东德州，两辆电动车在路口相撞，其中一位63岁的电动车司机倒地受伤，另一位电动车司机肖某回头看了一眼后，便离开现场。肖某逃逸8天后被抓，怒斥是对方撞上来的，死了活该。目前肖某因肇事逃逸，负事故全部责任。
https://www.pearvideo.com/video_1530717

【深圳楼市繁华落幕，炒房没钱赚了】由于深圳商品房在住房总量中占比极低，大头还是由城中村支撑。因此，只有改善型客户入市，才能带来整个楼市轮换，拉高交易量。
https://www.jiemian.com/article/2954707.html

在线协作文档是你的生产力工具，却是美国00后的私密聊天室
https://www.ifanr.com/1186241?utm_source=rss&utm_medium=rss&utm_campaign=

今年的影帝就给你们俩了
http://video.weibo.com/show?fid=1034:4350703557389460

【Louis Vuitton将不会生产以 Michael Jackson 为灵感的 2019 秋冬系列单品】LV男装创意总监Virgil Abloh表示2019年秋季男装中部分设计灵感源于Michael Jackson，一度引发业界好评，但情况在HBO《离开梦幻岛》播出后发生急剧变化，间接地引发观众对Virgil Abloh以MJ为灵感举措的质疑。
https://mp.weixin.qq.com/s/Ft9i2uLd5HBy9ZfuST_sVw

最幸福的事情就是找几个朋友一起去屋顶卡着晒太阳！！！
http://dig.chouti.com/pic/show?nid=78b170abec9fb03cc1ae0dad418561be&lid=25192131

【50亿跨境并购结果项目破产，光大资本、暴风集团“善后”求解】英国体育版权巨头MPS未能给投资人带来回报，还因债务危机在去年被法院裁定破产清算，这令参与此宗交易的中资方面的巨额投资几乎血本无归。
https://mp.weixin.qq.com/s/PjesO7OR89ugnua4YhIrmA

今晨三星商城被黑客攻击出现bug价，从0点前后一直到3:45，羊毛党发现Galaxy S10系列机型出现过1300/2400/3000的价格直减，部分S10机型一度被羊毛党买断货。三星回应称，前几天的BUG价S10订单不会发货，但作为补偿会送价值699的AKG蓝牙耳机。
https://www.ithome.com/0/414/774.htm

告别大绿棒子，喝点精酿吧！精酿啤酒入门通识其一
https://www.gcores.com/articles/107251

【创始人死于30个月前】2016年10月5日，春雨创始人张锐因突发性心肌梗塞去世。2018年12月，当春雨医生终于和华润签订了投资协议，但钱还没到位的情况下，作为张锐的继任者，张琨正式从春雨医生离职。
https://mp.weixin.qq.com/s/RspZXTybE6FIOIGCqPXrDg

古天乐《明日战记》最新预告“我就系天幕·······天幕就系我·············”
http://video.weibo.com/show?fid=1034:4350605209311334

硬核教学：如何在路边拍出大片？
http://v.douyin.com/2fA7UU/

也别整天看着俩老头老太太互相搀扶着就“这就是爱情最美的模样”的了，就是走不动道了互相搀着点免得摔死，爱情最美的模样啥样我不知道，反正要让我一把年纪还搀着老公免得摔死，那我会觉得一点都不美也不爱情。
https://weibo.com/2330156474/HecyhAai8

特朗普税改一周年：供给侧减税救了美国经济吗？
https://wallstreetcn.com/articles/3494978

帝国的财政逻辑：中西赋税制度的根本区别
https://mp.weixin.qq.com/s/aXKlQVtwz_VH_joxS8Eq9g

委内瑞拉，一个参加抗议的女孩展示被国民警卫队发射的催泪瓦斯弹击中胸部后留下的印痕～
http://video.weibo.com/show?fid=1034:4350769793842708

远看还真以为是新设计的字体了。。。
http://dig.chouti.com/pic/show?nid=f3c228a352e5baac913f8671b4fdfb07&lid=25196061

【没有绝对安全的USB接口 一根数据线如何变身电脑杀手】近日，研究人员公布一个新漏洞“Thunderclap”，影响Mac、Windows与Linux平台。该漏洞会影响所有使用Thunderbolt接口的设备，并允许黑客通过插入数据线来黑入PC。
https://www.leiphone.com/news/201903/E3Y9x4TAjYn8wwb2.html

【日本坦克在美国本土驰骋】当地时间2月9日至2月24日，日本陆上自卫队第7师团第72战车联队同美国陆军第25步兵师第1斯崔克旅级战斗队在美国加利福尼亚州欧文堡国家训练中心进行联合训练。欧文堡基地是美军最早大规模建立专业假想敌部队的基地，我军的朱日和基地就是参考欧文堡建立的。
https://weibo.com/tv/v/HlkrWgWGD

【美妆“全球代言人”变迁史：三十年河西，三十年河东】从大众品牌到高端品牌；从超模到流量明星；从品牌大使到全球代言人，我们可以看出，随着经济、媒介、娱乐业的发展，中国明星之于国际品牌的角色变迁史，亦是中国市场之于全球美妆的地位进阶史。
https://mp.weixin.qq.com/s/cGPMa6FMOFwuUOceZPIJhQ

【亚马逊第二总部重大进展：弗吉尼亚当地批准5100万美元奖励，其中2300万美元会是现金】在纽约第二总部因受阻而宣布取消后，本周六，由五名成员组成的阿灵顿县委员会全票通过了对亚马逊的财务奖励方案。此外，弗吉尼亚州还向亚马逊提供了7.5亿美元的一揽子优惠计划，州议会几乎没有任何反对就通过了优惠计划。
http://tech.qq.com/a/20190317/002033.htm

【他把“黄背心”做进了游戏，让玩家感受吃瓜群众的“力量”】这是第一款以城市骚乱为主题的策略游戏，并且制作者为其定义了一个绕口的艺术门类——“互动社会运动纪录片”。游戏中扮演示威者的体验，非常类似于《上帝也疯狂》《地下城守护者》等等牛蛙经典游戏。
http://www.yystv.cn/p/4780

【海昏侯墓发现汉代“六博”棋谱：兵种棋盘类游戏鼻祖】3月14日，江西南昌，海昏侯刘贺墓出土5200余枚简牍中，研究人员辨识出千余枚竹简上记载了一种名为“六博棋”的行棋口诀，属首次发现。“六博”是春秋战国十分流行的一种棋类游戏，是象棋、国际象棋的鼻祖，“棋谱复原后就可以知道该怎么下六博棋”。
http://n.miaopai.com/media/AlZmiXgI7lM2DRgv-LhL-EiMS2PSM3Yw

【83岁吃货爷爷撒娇 ：你给我买嘛】“吃碗螺蛳粉，赢钱赢得狠”、“可乐整两瓶，想输都不行”、“奶茶配珍珠，打牌不会输”...近日，重庆的杨小姐与自己爷爷的聊天记录走红。聊天里老人为让孙女给自己买好吃的，编顺口溜撒娇。杨小姐说，撒娇是83岁爷爷的常态。
https://www.thepaper.cn/newsDetail_forward_3150814

俄苏歌曲冷知识
https://weibo.com/2811286085/HlkcfbwgI

【女子车祸后逃逸8天被抓：对方撞的我，死了活该】山东德州，两辆电动车在路口相撞，其中一位63岁的电动车司机倒地受伤，另一位电动车司机肖某回头看了一眼后，便离开现场。肖某逃逸8天后被抓，怒斥是对方撞上来的，死了活该。目前肖某因肇事逃逸，负事故全部责任。
https://www.pearvideo.com/video_1530717

【深圳楼市繁华落幕，炒房没钱赚了】由于深圳商品房在住房总量中占比极低，大头还是由城中村支撑。因此，只有改善型客户入市，才能带来整个楼市轮换，拉高交易量。
https://www.jiemian.com/article/2954707.html

在线协作文档是你的生产力工具，却是美国00后的私密聊天室
https://www.ifanr.com/1186241?utm_source=rss&utm_medium=rss&utm_campaign=

今年的影帝就给你们俩了
http://video.weibo.com/show?fid=1034:4350703557389460

【Louis Vuitton将不会生产以 Michael Jackson 为灵感的 2019 秋冬系列单品】LV男装创意总监Virgil Abloh表示2019年秋季男装中部分设计灵感源于Michael Jackson，一度引发业界好评，但情况在HBO《离开梦幻岛》播出后发生急剧变化，间接地引发观众对Virgil Abloh以MJ为灵感举措的质疑。
https://mp.weixin.qq.com/s/Ft9i2uLd5HBy9ZfuST_sVw

最幸福的事情就是找几个朋友一起去屋顶卡着晒太阳！！！
http://dig.chouti.com/pic/show?nid=78b170abec9fb03cc1ae0dad418561be&lid=25192131

【50亿跨境并购结果项目破产，光大资本、暴风集团“善后”求解】英国体育版权巨头MPS未能给投资人带来回报，还因债务危机在去年被法院裁定破产清算，这令参与此宗交易的中资方面的巨额投资几乎血本无归。
https://mp.weixin.qq.com/s/PjesO7OR89ugnua4YhIrmA

今晨三星商城被黑客攻击出现bug价，从0点前后一直到3:45，羊毛党发现Galaxy S10系列机型出现过1300/2400/3000的价格直减，部分S10机型一度被羊毛党买断货。三星回应称，前几天的BUG价S10订单不会发货，但作为补偿会送价值699的AKG蓝牙耳机。
https://www.ithome.com/0/414/774.htm

告别大绿棒子，喝点精酿吧！精酿啤酒入门通识其一
https://www.gcores.com/articles/107251

【创始人死于30个月前】2016年10月5日，春雨创始人张锐因突发性心肌梗塞去世。2018年12月，当春雨医生终于和华润签订了投资协议，但钱还没到位的情况下，作为张锐的继任者，张琨正式从春雨医生离职。
https://mp.weixin.qq.com/s/RspZXTybE6FIOIGCqPXrDg

古天乐《明日战记》最新预告“我就系天幕·······天幕就系我·············”
http://video.weibo.com/show?fid=1034:4350605209311334

硬核教学：如何在路边拍出大片？
http://v.douyin.com/2fA7UU/

也别整天看着俩老头老太太互相搀扶着就“这就是爱情最美的模样”的了，就是走不动道了互相搀着点免得摔死，爱情最美的模样啥样我不知道，反正要让我一把年纪还搀着老公免得摔死，那我会觉得一点都不美也不爱情。
https://weibo.com/2330156474/HecyhAai8

特朗普税改一周年：供给侧减税救了美国经济吗？
https://wallstreetcn.com/articles/3494978

帝国的财政逻辑：中西赋税制度的根本区别
https://mp.weixin.qq.com/s/aXKlQVtwz_VH_joxS8Eq9g

委内瑞拉，一个参加抗议的女孩展示被国民警卫队发射的催泪瓦斯弹击中胸部后留下的印痕～
http://video.weibo.com/show?fid=1034:4350769793842708

远看还真以为是新设计的字体了。。。
http://dig.chouti.com/pic/show?nid=f3c228a352e5baac913f8671b4fdfb07&lid=25196061

【没有绝对安全的USB接口 一根数据线如何变身电脑杀手】近日，研究人员公布一个新漏洞“Thunderclap”，影响Mac、Windows与Linux平台。该漏洞会影响所有使用Thunderbolt接口的设备，并允许黑客通过插入数据线来黑入PC。
https://www.leiphone.com/news/201903/E3Y9x4TAjYn8wwb2.html

【日本坦克在美国本土驰骋】当地时间2月9日至2月24日，日本陆上自卫队第7师团第72战车联队同美国陆军第25步兵师第1斯崔克旅级战斗队在美国加利福尼亚州欧文堡国家训练中心进行联合训练。欧文堡基地是美军最早大规模建立专业假想敌部队的基地，我军的朱日和基地就是参考欧文堡建立的。
https://weibo.com/tv/v/HlkrWgWGD

【美妆“全球代言人”变迁史：三十年河西，三十年河东】从大众品牌到高端品牌；从超模到流量明星；从品牌大使到全球代言人，我们可以看出，随着经济、媒介、娱乐业的发展，中国明星之于国际品牌的角色变迁史，亦是中国市场之于全球美妆的地位进阶史。
https://mp.weixin.qq.com/s/cGPMa6FMOFwuUOceZPIJhQ

【亚马逊第二总部重大进展：弗吉尼亚当地批准5100万美元奖励，其中2300万美元会是现金】在纽约第二总部因受阻而宣布取消后，本周六，由五名成员组成的阿灵顿县委员会全票通过了对亚马逊的财务奖励方案。此外，弗吉尼亚州还向亚马逊提供了7.5亿美元的一揽子优惠计划，州议会几乎没有任何反对就通过了优惠计划。
http://tech.qq.com/a/20190317/002033.htm

【他把“黄背心”做进了游戏，让玩家感受吃瓜群众的“力量”】这是第一款以城市骚乱为主题的策略游戏，并且制作者为其定义了一个绕口的艺术门类——“互动社会运动纪录片”。游戏中扮演示威者的体验，非常类似于《上帝也疯狂》《地下城守护者》等等牛蛙经典游戏。
http://www.yystv.cn/p/4780

【海昏侯墓发现汉代“六博”棋谱：兵种棋盘类游戏鼻祖】3月14日，江西南昌，海昏侯刘贺墓出土5200余枚简牍中，研究人员辨识出千余枚竹简上记载了一种名为“六博棋”的行棋口诀，属首次发现。“六博”是春秋战国十分流行的一种棋类游戏，是象棋、国际象棋的鼻祖，“棋谱复原后就可以知道该怎么下六博棋”。
http://n.miaopai.com/media/AlZmiXgI7lM2DRgv-LhL-EiMS2PSM3Yw

【83岁吃货爷爷撒娇 ：你给我买嘛】“吃碗螺蛳粉，赢钱赢得狠”、“可乐整两瓶，想输都不行”、“奶茶配珍珠，打牌不会输”...近日，重庆的杨小姐与自己爷爷的聊天记录走红。聊天里老人为让孙女给自己买好吃的，编顺口溜撒娇。杨小姐说，撒娇是83岁爷爷的常态。
https://www.thepaper.cn/newsDetail_forward_3150814

俄苏歌曲冷知识
https://weibo.com/2811286085/HlkcfbwgI

【女子车祸后逃逸8天被抓：对方撞的我，死了活该】山东德州，两辆电动车在路口相撞，其中一位63岁的电动车司机倒地受伤，另一位电动车司机肖某回头看了一眼后，便离开现场。肖某逃逸8天后被抓，怒斥是对方撞上来的，死了活该。目前肖某因肇事逃逸，负事故全部责任。
https://www.pearvideo.com/video_1530717

【深圳楼市繁华落幕，炒房没钱赚了】由于深圳商品房在住房总量中占比极低，大头还是由城中村支撑。因此，只有改善型客户入市，才能带来整个楼市轮换，拉高交易量。
https://www.jiemian.com/article/2954707.html

在线协作文档是你的生产力工具，却是美国00后的私密聊天室
https://www.ifanr.com/1186241?utm_source=rss&utm_medium=rss&utm_campaign=

今年的影帝就给你们俩了
http://video.weibo.com/show?fid=1034:4350703557389460

【Louis Vuitton将不会生产以 Michael Jackson 为灵感的 2019 秋冬系列单品】LV男装创意总监Virgil Abloh表示2019年秋季男装中部分设计灵感源于Michael Jackson，一度引发业界好评，但情况在HBO《离开梦幻岛》播出后发生急剧变化，间接地引发观众对Virgil Abloh以MJ为灵感举措的质疑。
https://mp.weixin.qq.com/s/Ft9i2uLd5HBy9ZfuST_sVw

最幸福的事情就是找几个朋友一起去屋顶卡着晒太阳！！！
http://dig.chouti.com/pic/show?nid=78b170abec9fb03cc1ae0dad418561be&lid=25192131

【50亿跨境并购结果项目破产，光大资本、暴风集团“善后”求解】英国体育版权巨头MPS未能给投资人带来回报，还因债务危机在去年被法院裁定破产清算，这令参与此宗交易的中资方面的巨额投资几乎血本无归。
https://mp.weixin.qq.com/s/PjesO7OR89ugnua4YhIrmA

今晨三星商城被黑客攻击出现bug价，从0点前后一直到3:45，羊毛党发现Galaxy S10系列机型出现过1300/2400/3000的价格直减，部分S10机型一度被羊毛党买断货。三星回应称，前几天的BUG价S10订单不会发货，但作为补偿会送价值699的AKG蓝牙耳机。
https://www.ithome.com/0/414/774.htm

告别大绿棒子，喝点精酿吧！精酿啤酒入门通识其一
https://www.gcores.com/articles/107251

【创始人死于30个月前】2016年10月5日，春雨创始人张锐因突发性心肌梗塞去世。2018年12月，当春雨医生终于和华润签订了投资协议，但钱还没到位的情况下，作为张锐的继任者，张琨正式从春雨医生离职。
https://mp.weixin.qq.com/s/RspZXTybE6FIOIGCqPXrDg

古天乐《明日战记》最新预告“我就系天幕·······天幕就系我·············”
http://video.weibo.com/show?fid=1034:4350605209311334

硬核教学：如何在路边拍出大片？
http://v.douyin.com/2fA7UU/

也别整天看着俩老头老太太互相搀扶着就“这就是爱情最美的模样”的了，就是走不动道了互相搀着点免得摔死，爱情最美的模样啥样我不知道，反正要让我一把年纪还搀着老公免得摔死，那我会觉得一点都不美也不爱情。
https://weibo.com/2330156474/HecyhAai8

特朗普税改一周年：供给侧减税救了美国经济吗？
https://wallstreetcn.com/articles/3494978

帝国的财政逻辑：中西赋税制度的根本区别
https://mp.weixin.qq.com/s/aXKlQVtwz_VH_joxS8Eq9g

委内瑞拉，一个参加抗议的女孩展示被国民警卫队发射的催泪瓦斯弹击中胸部后留下的印痕～
http://video.weibo.com/show?fid=1034:4350769793842708

远看还真以为是新设计的字体了。。。
http://dig.chouti.com/pic/show?nid=f3c228a352e5baac913f8671b4fdfb07&lid=25196061

【没有绝对安全的USB接口 一根数据线如何变身电脑杀手】近日，研究人员公布一个新漏洞“Thunderclap”，影响Mac、Windows与Linux平台。该漏洞会影响所有使用Thunderbolt接口的设备，并允许黑客通过插入数据线来黑入PC。
https://www.leiphone.com/news/201903/E3Y9x4TAjYn8wwb2.html

【日本坦克在美国本土驰骋】当地时间2月9日至2月24日，日本陆上自卫队第7师团第72战车联队同美国陆军第25步兵师第1斯崔克旅级战斗队在美国加利福尼亚州欧文堡国家训练中心进行联合训练。欧文堡基地是美军最早大规模建立专业假想敌部队的基地，我军的朱日和基地就是参考欧文堡建立的。
https://weibo.com/tv/v/HlkrWgWGD

【美妆“全球代言人”变迁史：三十年河西，三十年河东】从大众品牌到高端品牌；从超模到流量明星；从品牌大使到全球代言人，我们可以看出，随着经济、媒介、娱乐业的发展，中国明星之于国际品牌的角色变迁史，亦是中国市场之于全球美妆的地位进阶史。
https://mp.weixin.qq.com/s/cGPMa6FMOFwuUOceZPIJhQ

【亚马逊第二总部重大进展：弗吉尼亚当地批准5100万美元奖励，其中2300万美元会是现金】在纽约第二总部因受阻而宣布取消后，本周六，由五名成员组成的阿灵顿县委员会全票通过了对亚马逊的财务奖励方案。此外，弗吉尼亚州还向亚马逊提供了7.5亿美元的一揽子优惠计划，州议会几乎没有任何反对就通过了优惠计划。
http://tech.qq.com/a/20190317/002033.htm

【他把“黄背心”做进了游戏，让玩家感受吃瓜群众的“力量”】这是第一款以城市骚乱为主题的策略游戏，并且制作者为其定义了一个绕口的艺术门类——“互动社会运动纪录片”。游戏中扮演示威者的体验，非常类似于《上帝也疯狂》《地下城守护者》等等牛蛙经典游戏。
http://www.yystv.cn/p/4780

【海昏侯墓发现汉代“六博”棋谱：兵种棋盘类游戏鼻祖】3月14日，江西南昌，海昏侯刘贺墓出土5200余枚简牍中，研究人员辨识出千余枚竹简上记载了一种名为“六博棋”的行棋口诀，属首次发现。“六博”是春秋战国十分流行的一种棋类游戏，是象棋、国际象棋的鼻祖，“棋谱复原后就可以知道该怎么下六博棋”。
http://n.miaopai.com/media/AlZmiXgI7lM2DRgv-LhL-EiMS2PSM3Yw

【83岁吃货爷爷撒娇 ：你给我买嘛】“吃碗螺蛳粉，赢钱赢得狠”、“可乐整两瓶，想输都不行”、“奶茶配珍珠，打牌不会输”...近日，重庆的杨小姐与自己爷爷的聊天记录走红。聊天里老人为让孙女给自己买好吃的，编顺口溜撒娇。杨小姐说，撒娇是83岁爷爷的常态。
https://www.thepaper.cn/newsDetail_forward_3150814

俄苏歌曲冷知识
https://weibo.com/2811286085/HlkcfbwgI

【女子车祸后逃逸8天被抓：对方撞的我，死了活该】山东德州，两辆电动车在路口相撞，其中一位63岁的电动车司机倒地受伤，另一位电动车司机肖某回头看了一眼后，便离开现场。肖某逃逸8天后被抓，怒斥是对方撞上来的，死了活该。目前肖某因肇事逃逸，负事故全部责任。
https://www.pearvideo.com/video_1530717

【深圳楼市繁华落幕，炒房没钱赚了】由于深圳商品房在住房总量中占比极低，大头还是由城中村支撑。因此，只有改善型客户入市，才能带来整个楼市轮换，拉高交易量。
https://www.jiemian.com/article/2954707.html

在线协作文档是你的生产力工具，却是美国00后的私密聊天室
https://www.ifanr.com/1186241?utm_source=rss&utm_medium=rss&utm_campaign=

今年的影帝就给你们俩了
http://video.weibo.com/show?fid=1034:4350703557389460

【Louis Vuitton将不会生产以 Michael Jackson 为灵感的 2019 秋冬系列单品】LV男装创意总监Virgil Abloh表示2019年秋季男装中部分设计灵感源于Michael Jackson，一度引发业界好评，但情况在HBO《离开梦幻岛》播出后发生急剧变化，间接地引发观众对Virgil Abloh以MJ为灵感举措的质疑。
https://mp.weixin.qq.com/s/Ft9i2uLd5HBy9ZfuST_sVw

最幸福的事情就是找几个朋友一起去屋顶卡着晒太阳！！！
http://dig.chouti.com/pic/show?nid=78b170abec9fb03cc1ae0dad418561be&lid=25192131

【50亿跨境并购结果项目破产，光大资本、暴风集团“善后”求解】英国体育版权巨头MPS未能给投资人带来回报，还因债务危机在去年被法院裁定破产清算，这令参与此宗交易的中资方面的巨额投资几乎血本无归。
https://mp.weixin.qq.com/s/PjesO7OR89ugnua4YhIrmA

今晨三星商城被黑客攻击出现bug价，从0点前后一直到3:45，羊毛党发现Galaxy S10系列机型出现过1300/2400/3000的价格直减，部分S10机型一度被羊毛党买断货。三星回应称，前几天的BUG价S10订单不会发货，但作为补偿会送价值699的AKG蓝牙耳机。
https://www.ithome.com/0/414/774.htm

告别大绿棒子，喝点精酿吧！精酿啤酒入门通识其一
https://www.gcores.com/articles/107251

【创始人死于30个月前】2016年10月5日，春雨创始人张锐因突发性心肌梗塞去世。2018年12月，当春雨医生终于和华润签订了投资协议，但钱还没到位的情况下，作为张锐的继任者，张琨正式从春雨医生离职。
https://mp.weixin.qq.com/s/RspZXTybE6FIOIGCqPXrDg

【法国一座机场将开始使用机器人来代客泊车】似乎可以不再为停车位难找而发愁。首先将车开入一个临时停放的公共车库中，锁门后机器人会打开车库后门，将车辆移往真正停放的地点。当你返回机场时，系统会根据你的航班资料，早一步让机器人将车子重新带回车库，你就能在同个地方即时取车。
https://cn.engadget.com/2019/03/16/stanley-robotics-robot-valets-airport-france/

古天乐《明日战记》最新预告“我就系天幕·······天幕就系我·············”
http://video.weibo.com/show?fid=1034:4350605209311334

硬核教学：如何在路边拍出大片？
http://v.douyin.com/2fA7UU/

也别整天看着俩老头老太太互相搀扶着就“这就是爱情最美的模样”的了，就是走不动道了互相搀着点免得摔死，爱情最美的模样啥样我不知道，反正要让我一把年纪还搀着老公免得摔死，那我会觉得一点都不美也不爱情。
https://weibo.com/2330156474/HecyhAai8

特朗普税改一周年：供给侧减税救了美国经济吗？
https://wallstreetcn.com/articles/3494978

帝国的财政逻辑：中西赋税制度的根本区别
https://mp.weixin.qq.com/s/aXKlQVtwz_VH_joxS8Eq9g

委内瑞拉，一个参加抗议的女孩展示被国民警卫队发射的催泪瓦斯弹击中胸部后留下的印痕～
http://video.weibo.com/show?fid=1034:4350769793842708

远看还真以为是新设计的字体了。。。
http://dig.chouti.com/pic/show?nid=f3c228a352e5baac913f8671b4fdfb07&lid=25196061

【没有绝对安全的USB接口 一根数据线如何变身电脑杀手】近日，研究人员公布一个新漏洞“Thunderclap”，影响Mac、Windows与Linux平台。该漏洞会影响所有使用Thunderbolt接口的设备，并允许黑客通过插入数据线来黑入PC。
https://www.leiphone.com/news/201903/E3Y9x4TAjYn8wwb2.html

【日本坦克在美国本土驰骋】当地时间2月9日至2月24日，日本陆上自卫队第7师团第72战车联队同美国陆军第25步兵师第1斯崔克旅级战斗队在美国加利福尼亚州欧文堡国家训练中心进行联合训练。欧文堡基地是美军最早大规模建立专业假想敌部队的基地，我军的朱日和基地就是参考欧文堡建立的。
https://weibo.com/tv/v/HlkrWgWGD

【美妆“全球代言人”变迁史：三十年河西，三十年河东】从大众品牌到高端品牌；从超模到流量明星；从品牌大使到全球代言人，我们可以看出，随着经济、媒介、娱乐业的发展，中国明星之于国际品牌的角色变迁史，亦是中国市场之于全球美妆的地位进阶史。
https://mp.weixin.qq.com/s/cGPMa6FMOFwuUOceZPIJhQ

【亚马逊第二总部重大进展：弗吉尼亚当地批准5100万美元奖励，其中2300万美元会是现金】在纽约第二总部因受阻而宣布取消后，本周六，由五名成员组成的阿灵顿县委员会全票通过了对亚马逊的财务奖励方案。此外，弗吉尼亚州还向亚马逊提供了7.5亿美元的一揽子优惠计划，州议会几乎没有任何反对就通过了优惠计划。
http://tech.qq.com/a/20190317/002033.htm

【他把“黄背心”做进了游戏，让玩家感受吃瓜群众的“力量”】这是第一款以城市骚乱为主题的策略游戏，并且制作者为其定义了一个绕口的艺术门类——“互动社会运动纪录片”。游戏中扮演示威者的体验，非常类似于《上帝也疯狂》《地下城守护者》等等牛蛙经典游戏。
http://www.yystv.cn/p/4780

【海昏侯墓发现汉代“六博”棋谱：兵种棋盘类游戏鼻祖】3月14日，江西南昌，海昏侯刘贺墓出土5200余枚简牍中，研究人员辨识出千余枚竹简上记载了一种名为“六博棋”的行棋口诀，属首次发现。“六博”是春秋战国十分流行的一种棋类游戏，是象棋、国际象棋的鼻祖，“棋谱复原后就可以知道该怎么下六博棋”。
http://n.miaopai.com/media/AlZmiXgI7lM2DRgv-LhL-EiMS2PSM3Yw

【83岁吃货爷爷撒娇 ：你给我买嘛】“吃碗螺蛳粉，赢钱赢得狠”、“可乐整两瓶，想输都不行”、“奶茶配珍珠，打牌不会输”...近日，重庆的杨小姐与自己爷爷的聊天记录走红。聊天里老人为让孙女给自己买好吃的，编顺口溜撒娇。杨小姐说，撒娇是83岁爷爷的常态。
https://www.thepaper.cn/newsDetail_forward_3150814

俄苏歌曲冷知识
https://weibo.com/2811286085/HlkcfbwgI

【女子车祸后逃逸8天被抓：对方撞的我，死了活该】山东德州，两辆电动车在路口相撞，其中一位63岁的电动车司机倒地受伤，另一位电动车司机肖某回头看了一眼后，便离开现场。肖某逃逸8天后被抓，怒斥是对方撞上来的，死了活该。目前肖某因肇事逃逸，负事故全部责任。
https://www.pearvideo.com/video_1530717

【深圳楼市繁华落幕，炒房没钱赚了】由于深圳商品房在住房总量中占比极低，大头还是由城中村支撑。因此，只有改善型客户入市，才能带来整个楼市轮换，拉高交易量。
https://www.jiemian.com/article/2954707.html

在线协作文档是你的生产力工具，却是美国00后的私密聊天室
https://www.ifanr.com/1186241?utm_source=rss&utm_medium=rss&utm_campaign=

今年的影帝就给你们俩了
http://video.weibo.com/show?fid=1034:4350703557389460

【Louis Vuitton将不会生产以 Michael Jackson 为灵感的 2019 秋冬系列单品】LV男装创意总监Virgil Abloh表示2019年秋季男装中部分设计灵感源于Michael Jackson，一度引发业界好评，但情况在HBO《离开梦幻岛》播出后发生急剧变化，间接地引发观众对Virgil Abloh以MJ为灵感举措的质疑。
https://mp.weixin.qq.com/s/Ft9i2uLd5HBy9ZfuST_sVw

最幸福的事情就是找几个朋友一起去屋顶卡着晒太阳！！！
http://dig.chouti.com/pic/show?nid=78b170abec9fb03cc1ae0dad418561be&lid=25192131

【50亿跨境并购结果项目破产，光大资本、暴风集团“善后”求解】英国体育版权巨头MPS未能给投资人带来回报，还因债务危机在去年被法院裁定破产清算，这令参与此宗交易的中资方面的巨额投资几乎血本无归。
https://mp.weixin.qq.com/s/PjesO7OR89ugnua4YhIrmA

今晨三星商城被黑客攻击出现bug价，从0点前后一直到3:45，羊毛党发现Galaxy S10系列机型出现过1300/2400/3000的价格直减，部分S10机型一度被羊毛党买断货。三星回应称，前几天的BUG价S10订单不会发货，但作为补偿会送价值699的AKG蓝牙耳机。
https://www.ithome.com/0/414/774.htm

告别大绿棒子，喝点精酿吧！精酿啤酒入门通识其一
https://www.gcores.com/articles/107251

【法国一座机场将开始使用机器人来代客泊车】似乎可以不再为停车位难找而发愁。首先将车开入一个临时停放的公共车库中，锁门后机器人会打开车库后门，将车辆移往真正停放的地点。当你返回机场时，系统会根据你的航班资料，早一步让机器人将车子重新带回车库，你就能在同个地方即时取车。
https://cn.engadget.com/2019/03/16/stanley-robotics-robot-valets-airport-france/

古天乐《明日战记》最新预告“我就系天幕·······天幕就系我·············”
http://video.weibo.com/show?fid=1034:4350605209311334

硬核教学：如何在路边拍出大片？
http://v.douyin.com/2fA7UU/

也别整天看着俩老头老太太互相搀扶着就“这就是爱情最美的模样”的了，就是走不动道了互相搀着点免得摔死，爱情最美的模样啥样我不知道，反正要让我一把年纪还搀着老公免得摔死，那我会觉得一点都不美也不爱情。
https://weibo.com/2330156474/HecyhAai8

特朗普税改一周年：供给侧减税救了美国经济吗？
https://wallstreetcn.com/articles/3494978

帝国的财政逻辑：中西赋税制度的根本区别
https://mp.weixin.qq.com/s/aXKlQVtwz_VH_joxS8Eq9g

委内瑞拉，一个参加抗议的女孩展示被国民警卫队发射的催泪瓦斯弹击中胸部后留下的印痕～
http://video.weibo.com/show?fid=1034:4350769793842708

远看还真以为是新设计的字体了。。。
http://dig.chouti.com/pic/show?nid=f3c228a352e5baac913f8671b4fdfb07&lid=25196061

【没有绝对安全的USB接口 一根数据线如何变身电脑杀手】近日，研究人员公布一个新漏洞“Thunderclap”，影响Mac、Windows与Linux平台。该漏洞会影响所有使用Thunderbolt接口的设备，并允许黑客通过插入数据线来黑入PC。
https://www.leiphone.com/news/201903/E3Y9x4TAjYn8wwb2.html

【日本坦克在美国本土驰骋】当地时间2月9日至2月24日，日本陆上自卫队第7师团第72战车联队同美国陆军第25步兵师第1斯崔克旅级战斗队在美国加利福尼亚州欧文堡国家训练中心进行联合训练。欧文堡基地是美军最早大规模建立专业假想敌部队的基地，我军的朱日和基地就是参考欧文堡建立的。
https://weibo.com/tv/v/HlkrWgWGD

【美妆“全球代言人”变迁史：三十年河西，三十年河东】从大众品牌到高端品牌；从超模到流量明星；从品牌大使到全球代言人，我们可以看出，随着经济、媒介、娱乐业的发展，中国明星之于国际品牌的角色变迁史，亦是中国市场之于全球美妆的地位进阶史。
https://mp.weixin.qq.com/s/cGPMa6FMOFwuUOceZPIJhQ

【亚马逊第二总部重大进展：弗吉尼亚当地批准5100万美元奖励，其中2300万美元会是现金】在纽约第二总部因受阻而宣布取消后，本周六，由五名成员组成的阿灵顿县委员会全票通过了对亚马逊的财务奖励方案。此外，弗吉尼亚州还向亚马逊提供了7.5亿美元的一揽子优惠计划，州议会几乎没有任何反对就通过了优惠计划。
http://tech.qq.com/a/20190317/002033.htm

【他把“黄背心”做进了游戏，让玩家感受吃瓜群众的“力量”】这是第一款以城市骚乱为主题的策略游戏，并且制作者为其定义了一个绕口的艺术门类——“互动社会运动纪录片”。游戏中扮演示威者的体验，非常类似于《上帝也疯狂》《地下城守护者》等等牛蛙经典游戏。
http://www.yystv.cn/p/4780

【海昏侯墓发现汉代“六博”棋谱：兵种棋盘类游戏鼻祖】3月14日，江西南昌，海昏侯刘贺墓出土5200余枚简牍中，研究人员辨识出千余枚竹简上记载了一种名为“六博棋”的行棋口诀，属首次发现。“六博”是春秋战国十分流行的一种棋类游戏，是象棋、国际象棋的鼻祖，“棋谱复原后就可以知道该怎么下六博棋”。
http://n.miaopai.com/media/AlZmiXgI7lM2DRgv-LhL-EiMS2PSM3Yw

【83岁吃货爷爷撒娇 ：你给我买嘛】“吃碗螺蛳粉，赢钱赢得狠”、“可乐整两瓶，想输都不行”、“奶茶配珍珠，打牌不会输”...近日，重庆的杨小姐与自己爷爷的聊天记录走红。聊天里老人为让孙女给自己买好吃的，编顺口溜撒娇。杨小姐说，撒娇是83岁爷爷的常态。
https://www.thepaper.cn/newsDetail_forward_3150814

俄苏歌曲冷知识
https://weibo.com/2811286085/HlkcfbwgI

【女子车祸后逃逸8天被抓：对方撞的我，死了活该】山东德州，两辆电动车在路口相撞，其中一位63岁的电动车司机倒地受伤，另一位电动车司机肖某回头看了一眼后，便离开现场。肖某逃逸8天后被抓，怒斥是对方撞上来的，死了活该。目前肖某因肇事逃逸，负事故全部责任。
https://www.pearvideo.com/video_1530717

【深圳楼市繁华落幕，炒房没钱赚了】由于深圳商品房在住房总量中占比极低，大头还是由城中村支撑。因此，只有改善型客户入市，才能带来整个楼市轮换，拉高交易量。
https://www.jiemian.com/article/2954707.html

在线协作文档是你的生产力工具，却是美国00后的私密聊天室
https://www.ifanr.com/1186241?utm_source=rss&utm_medium=rss&utm_campaign=

今年的影帝就给你们俩了
http://video.weibo.com/show?fid=1034:4350703557389460

【Louis Vuitton将不会生产以 Michael Jackson 为灵感的 2019 秋冬系列单品】LV男装创意总监Virgil Abloh表示2019年秋季男装中部分设计灵感源于Michael Jackson，一度引发业界好评，但情况在HBO《离开梦幻岛》播出后发生急剧变化，间接地引发观众对Virgil Abloh以MJ为灵感举措的质疑。
https://mp.weixin.qq.com/s/Ft9i2uLd5HBy9ZfuST_sVw

最幸福的事情就是找几个朋友一起去屋顶卡着晒太阳！！！
http://dig.chouti.com/pic/show?nid=78b170abec9fb03cc1ae0dad418561be&lid=25192131

【50亿跨境并购结果项目破产，光大资本、暴风集团“善后”求解】英国体育版权巨头MPS未能给投资人带来回报，还因债务危机在去年被法院裁定破产清算，这令参与此宗交易的中资方面的巨额投资几乎血本无归。
https://mp.weixin.qq.com/s/PjesO7OR89ugnua4YhIrmA

今晨三星商城被黑客攻击出现bug价，从0点前后一直到3:45，羊毛党发现Galaxy S10系列机型出现过1300/2400/3000的价格直减，部分S10机型一度被羊毛党买断货。三星回应称，前几天的BUG价S10订单不会发货，但作为补偿会送价值699的AKG蓝牙耳机。
https://www.ithome.com/0/414/774.htm

告别大绿棒子，喝点精酿吧！精酿啤酒入门通识其一
https://www.gcores.com/articles/107251

【法国一座机场将开始使用机器人来代客泊车】似乎可以不再为停车位难找而发愁。首先将车开入一个临时停放的公共车库中，锁门后机器人会打开车库后门，将车辆移往真正停放的地点。当你返回机场时，系统会根据你的航班资料，早一步让机器人将车子重新带回车库，你就能在同个地方即时取车。
https://cn.engadget.com/2019/03/16/stanley-robotics-robot-valets-airport-france/

古天乐《明日战记》最新预告“我就系天幕·······天幕就系我·············”
http://video.weibo.com/show?fid=1034:4350605209311334

硬核教学：如何在路边拍出大片？
http://v.douyin.com/2fA7UU/

也别整天看着俩老头老太太互相搀扶着就“这就是爱情最美的模样”的了，就是走不动道了互相搀着点免得摔死，爱情最美的模样啥样我不知道，反正要让我一把年纪还搀着老公免得摔死，那我会觉得一点都不美也不爱情。
https://weibo.com/2330156474/HecyhAai8

特朗普税改一周年：供给侧减税救了美国经济吗？
https://wallstreetcn.com/articles/3494978

帝国的财政逻辑：中西赋税制度的根本区别
https://mp.weixin.qq.com/s/aXKlQVtwz_VH_joxS8Eq9g

委内瑞拉，一个参加抗议的女孩展示被国民警卫队发射的催泪瓦斯弹击中胸部后留下的印痕～
http://video.weibo.com/show?fid=1034:4350769793842708

远看还真以为是新设计的字体了。。。
http://dig.chouti.com/pic/show?nid=f3c228a352e5baac913f8671b4fdfb07&lid=25196061

【没有绝对安全的USB接口 一根数据线如何变身电脑杀手】近日，研究人员公布一个新漏洞“Thunderclap”，影响Mac、Windows与Linux平台。该漏洞会影响所有使用Thunderbolt接口的设备，并允许黑客通过插入数据线来黑入PC。
https://www.leiphone.com/news/201903/E3Y9x4TAjYn8wwb2.html

【日本坦克在美国本土驰骋】当地时间2月9日至2月24日，日本陆上自卫队第7师团第72战车联队同美国陆军第25步兵师第1斯崔克旅级战斗队在美国加利福尼亚州欧文堡国家训练中心进行联合训练。欧文堡基地是美军最早大规模建立专业假想敌部队的基地，我军的朱日和基地就是参考欧文堡建立的。
https://weibo.com/tv/v/HlkrWgWGD

【美妆“全球代言人”变迁史：三十年河西，三十年河东】从大众品牌到高端品牌；从超模到流量明星；从品牌大使到全球代言人，我们可以看出，随着经济、媒介、娱乐业的发展，中国明星之于国际品牌的角色变迁史，亦是中国市场之于全球美妆的地位进阶史。
https://mp.weixin.qq.com/s/cGPMa6FMOFwuUOceZPIJhQ

【亚马逊第二总部重大进展：弗吉尼亚当地批准5100万美元奖励，其中2300万美元会是现金】在纽约第二总部因受阻而宣布取消后，本周六，由五名成员组成的阿灵顿县委员会全票通过了对亚马逊的财务奖励方案。此外，弗吉尼亚州还向亚马逊提供了7.5亿美元的一揽子优惠计划，州议会几乎没有任何反对就通过了优惠计划。
http://tech.qq.com/a/20190317/002033.htm

【他把“黄背心”做进了游戏，让玩家感受吃瓜群众的“力量”】这是第一款以城市骚乱为主题的策略游戏，并且制作者为其定义了一个绕口的艺术门类——“互动社会运动纪录片”。游戏中扮演示威者的体验，非常类似于《上帝也疯狂》《地下城守护者》等等牛蛙经典游戏。
http://www.yystv.cn/p/4780

【海昏侯墓发现汉代“六博”棋谱：兵种棋盘类游戏鼻祖】3月14日，江西南昌，海昏侯刘贺墓出土5200余枚简牍中，研究人员辨识出千余枚竹简上记载了一种名为“六博棋”的行棋口诀，属首次发现。“六博”是春秋战国十分流行的一种棋类游戏，是象棋、国际象棋的鼻祖，“棋谱复原后就可以知道该怎么下六博棋”。
http://n.miaopai.com/media/AlZmiXgI7lM2DRgv-LhL-EiMS2PSM3Yw

【83岁吃货爷爷撒娇 ：你给我买嘛】“吃碗螺蛳粉，赢钱赢得狠”、“可乐整两瓶，想输都不行”、“奶茶配珍珠，打牌不会输”...近日，重庆的杨小姐与自己爷爷的聊天记录走红。聊天里老人为让孙女给自己买好吃的，编顺口溜撒娇。杨小姐说，撒娇是83岁爷爷的常态。
https://www.thepaper.cn/newsDetail_forward_3150814

俄苏歌曲冷知识
https://weibo.com/2811286085/HlkcfbwgI

【女子车祸后逃逸8天被抓：对方撞的我，死了活该】山东德州，两辆电动车在路口相撞，其中一位63岁的电动车司机倒地受伤，另一位电动车司机肖某回头看了一眼后，便离开现场。肖某逃逸8天后被抓，怒斥是对方撞上来的，死了活该。目前肖某因肇事逃逸，负事故全部责任。
https://www.pearvideo.com/video_1530717

【深圳楼市繁华落幕，炒房没钱赚了】由于深圳商品房在住房总量中占比极低，大头还是由城中村支撑。因此，只有改善型客户入市，才能带来整个楼市轮换，拉高交易量。
https://www.jiemian.com/article/2954707.html

在线协作文档是你的生产力工具，却是美国00后的私密聊天室
https://www.ifanr.com/1186241?utm_source=rss&utm_medium=rss&utm_campaign=

今年的影帝就给你们俩了
http://video.weibo.com/show?fid=1034:4350703557389460

【Louis Vuitton将不会生产以 Michael Jackson 为灵感的 2019 秋冬系列单品】LV男装创意总监Virgil Abloh表示2019年秋季男装中部分设计灵感源于Michael Jackson，一度引发业界好评，但情况在HBO《离开梦幻岛》播出后发生急剧变化，间接地引发观众对Virgil Abloh以MJ为灵感举措的质疑。
https://mp.weixin.qq.com/s/Ft9i2uLd5HBy9ZfuST_sVw

最幸福的事情就是找几个朋友一起去屋顶卡着晒太阳！！！
http://dig.chouti.com/pic/show?nid=78b170abec9fb03cc1ae0dad418561be&lid=25192131

【50亿跨境并购结果项目破产，光大资本、暴风集团“善后”求解】英国体育版权巨头MPS未能给投资人带来回报，还因债务危机在去年被法院裁定破产清算，这令参与此宗交易的中资方面的巨额投资几乎血本无归。
https://mp.weixin.qq.com/s/PjesO7OR89ugnua4YhIrmA

今晨三星商城被黑客攻击出现bug价，从0点前后一直到3:45，羊毛党发现Galaxy S10系列机型出现过1300/2400/3000的价格直减，部分S10机型一度被羊毛党买断货。三星回应称，前几天的BUG价S10订单不会发货，但作为补偿会送价值699的AKG蓝牙耳机。
https://www.ithome.com/0/414/774.htm

告别大绿棒子，喝点精酿吧！精酿啤酒入门通识其一
https://www.gcores.com/articles/107251

【法国一座机场将开始使用机器人来代客泊车】似乎可以不再为停车位难找而发愁。首先将车开入一个临时停放的公共车库中，锁门后机器人会打开车库后门，将车辆移往真正停放的地点。当你返回机场时，系统会根据你的航班资料，早一步让机器人将车子重新带回车库，你就能在同个地方即时取车。
https://cn.engadget.com/2019/03/16/stanley-robotics-robot-valets-airport-france/

古天乐《明日战记》最新预告“我就系天幕·······天幕就系我·············”
http://video.weibo.com/show?fid=1034:4350605209311334

硬核教学：如何在路边拍出大片？
http://v.douyin.com/2fA7UU/

也别整天看着俩老头老太太互相搀扶着就“这就是爱情最美的模样”的了，就是走不动道了互相搀着点免得摔死，爱情最美的模样啥样我不知道，反正要让我一把年纪还搀着老公免得摔死，那我会觉得一点都不美也不爱情。
https://weibo.com/2330156474/HecyhAai8

特朗普税改一周年：供给侧减税救了美国经济吗？
https://wallstreetcn.com/articles/3494978

帝国的财政逻辑：中西赋税制度的根本区别
https://mp.weixin.qq.com/s/aXKlQVtwz_VH_joxS8Eq9g

委内瑞拉，一个参加抗议的女孩展示被国民警卫队发射的催泪瓦斯弹击中胸部后留下的印痕～
http://video.weibo.com/show?fid=1034:4350769793842708

远看还真以为是新设计的字体了。。。
http://dig.chouti.com/pic/show?nid=f3c228a352e5baac913f8671b4fdfb07&lid=25196061

【没有绝对安全的USB接口 一根数据线如何变身电脑杀手】近日，研究人员公布一个新漏洞“Thunderclap”，影响Mac、Windows与Linux平台。该漏洞会影响所有使用Thunderbolt接口的设备，并允许黑客通过插入数据线来黑入PC。
https://www.leiphone.com/news/201903/E3Y9x4TAjYn8wwb2.html

【日本坦克在美国本土驰骋】当地时间2月9日至2月24日，日本陆上自卫队第7师团第72战车联队同美国陆军第25步兵师第1斯崔克旅级战斗队在美国加利福尼亚州欧文堡国家训练中心进行联合训练。欧文堡基地是美军最早大规模建立专业假想敌部队的基地，我军的朱日和基地就是参考欧文堡建立的。
https://weibo.com/tv/v/HlkrWgWGD

【美妆“全球代言人”变迁史：三十年河西，三十年河东】从大众品牌到高端品牌；从超模到流量明星；从品牌大使到全球代言人，我们可以看出，随着经济、媒介、娱乐业的发展，中国明星之于国际品牌的角色变迁史，亦是中国市场之于全球美妆的地位进阶史。
https://mp.weixin.qq.com/s/cGPMa6FMOFwuUOceZPIJhQ

【亚马逊第二总部重大进展：弗吉尼亚当地批准5100万美元奖励，其中2300万美元会是现金】在纽约第二总部因受阻而宣布取消后，本周六，由五名成员组成的阿灵顿县委员会全票通过了对亚马逊的财务奖励方案。此外，弗吉尼亚州还向亚马逊提供了7.5亿美元的一揽子优惠计划，州议会几乎没有任何反对就通过了优惠计划。
http://tech.qq.com/a/20190317/002033.htm

【他把“黄背心”做进了游戏，让玩家感受吃瓜群众的“力量”】这是第一款以城市骚乱为主题的策略游戏，并且制作者为其定义了一个绕口的艺术门类——“互动社会运动纪录片”。游戏中扮演示威者的体验，非常类似于《上帝也疯狂》《地下城守护者》等等牛蛙经典游戏。
http://www.yystv.cn/p/4780

【海昏侯墓发现汉代“六博”棋谱：兵种棋盘类游戏鼻祖】3月14日，江西南昌，海昏侯刘贺墓出土5200余枚简牍中，研究人员辨识出千余枚竹简上记载了一种名为“六博棋”的行棋口诀，属首次发现。“六博”是春秋战国十分流行的一种棋类游戏，是象棋、国际象棋的鼻祖，“棋谱复原后就可以知道该怎么下六博棋”。
http://n.miaopai.com/media/AlZmiXgI7lM2DRgv-LhL-EiMS2PSM3Yw

【83岁吃货爷爷撒娇 ：你给我买嘛】“吃碗螺蛳粉，赢钱赢得狠”、“可乐整两瓶，想输都不行”、“奶茶配珍珠，打牌不会输”...近日，重庆的杨小姐与自己爷爷的聊天记录走红。聊天里老人为让孙女给自己买好吃的，编顺口溜撒娇。杨小姐说，撒娇是83岁爷爷的常态。
https://www.thepaper.cn/newsDetail_forward_3150814

俄苏歌曲冷知识
https://weibo.com/2811286085/HlkcfbwgI

【女子车祸后逃逸8天被抓：对方撞的我，死了活该】山东德州，两辆电动车在路口相撞，其中一位63岁的电动车司机倒地受伤，另一位电动车司机肖某回头看了一眼后，便离开现场。肖某逃逸8天后被抓，怒斥是对方撞上来的，死了活该。目前肖某因肇事逃逸，负事故全部责任。
https://www.pearvideo.com/video_1530717

【深圳楼市繁华落幕，炒房没钱赚了】由于深圳商品房在住房总量中占比极低，大头还是由城中村支撑。因此，只有改善型客户入市，才能带来整个楼市轮换，拉高交易量。
https://www.jiemian.com/article/2954707.html

在线协作文档是你的生产力工具，却是美国00后的私密聊天室
https://www.ifanr.com/1186241?utm_source=rss&utm_medium=rss&utm_campaign=

今年的影帝就给你们俩了
http://video.weibo.com/show?fid=1034:4350703557389460

【Louis Vuitton将不会生产以 Michael Jackson 为灵感的 2019 秋冬系列单品】LV男装创意总监Virgil Abloh表示2019年秋季男装中部分设计灵感源于Michael Jackson，一度引发业界好评，但情况在HBO《离开梦幻岛》播出后发生急剧变化，间接地引发观众对Virgil Abloh以MJ为灵感举措的质疑。
https://mp.weixin.qq.com/s/Ft9i2uLd5HBy9ZfuST_sVw

最幸福的事情就是找几个朋友一起去屋顶卡着晒太阳！！！
http://dig.chouti.com/pic/show?nid=78b170abec9fb03cc1ae0dad418561be&lid=25192131

【50亿跨境并购结果项目破产，光大资本、暴风集团“善后”求解】英国体育版权巨头MPS未能给投资人带来回报，还因债务危机在去年被法院裁定破产清算，这令参与此宗交易的中资方面的巨额投资几乎血本无归。
https://mp.weixin.qq.com/s/PjesO7OR89ugnua4YhIrmA

今晨三星商城被黑客攻击出现bug价，从0点前后一直到3:45，羊毛党发现Galaxy S10系列机型出现过1300/2400/3000的价格直减，部分S10机型一度被羊毛党买断货。三星回应称，前几天的BUG价S10订单不会发货，但作为补偿会送价值699的AKG蓝牙耳机。
https://www.ithome.com/0/414/774.htm

告别大绿棒子，喝点精酿吧！精酿啤酒入门通识其一
https://www.gcores.com/articles/107251

【法国一座机场将开始使用机器人来代客泊车】似乎可以不再为停车位难找而发愁。首先将车开入一个临时停放的公共车库中，锁门后机器人会打开车库后门，将车辆移往真正停放的地点。当你返回机场时，系统会根据你的航班资料，早一步让机器人将车子重新带回车库，你就能在同个地方即时取车。
https://cn.engadget.com/2019/03/16/stanley-robotics-robot-valets-airport-france/

古天乐《明日战记》最新预告“我就系天幕·······天幕就系我·············”
http://video.weibo.com/show?fid=1034:4350605209311334

硬核教学：如何在路边拍出大片？
http://v.douyin.com/2fA7UU/

也别整天看着俩老头老太太互相搀扶着就“这就是爱情最美的模样”的了，就是走不动道了互相搀着点免得摔死，爱情最美的模样啥样我不知道，反正要让我一把年纪还搀着老公免得摔死，那我会觉得一点都不美也不爱情。
https://weibo.com/2330156474/HecyhAai8

特朗普税改一周年：供给侧减税救了美国经济吗？
https://wallstreetcn.com/articles/3494978

帝国的财政逻辑：中西赋税制度的根本区别
https://mp.weixin.qq.com/s/aXKlQVtwz_VH_joxS8Eq9g

委内瑞拉，一个参加抗议的女孩展示被国民警卫队发射的催泪瓦斯弹击中胸部后留下的印痕～
http://video.weibo.com/show?fid=1034:4350769793842708

远看还真以为是新设计的字体了。。。
http://dig.chouti.com/pic/show?nid=f3c228a352e5baac913f8671b4fdfb07&lid=25196061

【没有绝对安全的USB接口 一根数据线如何变身电脑杀手】近日，研究人员公布一个新漏洞“Thunderclap”，影响Mac、Windows与Linux平台。该漏洞会影响所有使用Thunderbolt接口的设备，并允许黑客通过插入数据线来黑入PC。
https://www.leiphone.com/news/201903/E3Y9x4TAjYn8wwb2.html

【日本坦克在美国本土驰骋】当地时间2月9日至2月24日，日本陆上自卫队第7师团第72战车联队同美国陆军第25步兵师第1斯崔克旅级战斗队在美国加利福尼亚州欧文堡国家训练中心进行联合训练。欧文堡基地是美军最早大规模建立专业假想敌部队的基地，我军的朱日和基地就是参考欧文堡建立的。
https://weibo.com/tv/v/HlkrWgWGD

【美妆“全球代言人”变迁史：三十年河西，三十年河东】从大众品牌到高端品牌；从超模到流量明星；从品牌大使到全球代言人，我们可以看出，随着经济、媒介、娱乐业的发展，中国明星之于国际品牌的角色变迁史，亦是中国市场之于全球美妆的地位进阶史。
https://mp.weixin.qq.com/s/cGPMa6FMOFwuUOceZPIJhQ

【亚马逊第二总部重大进展：弗吉尼亚当地批准5100万美元奖励，其中2300万美元会是现金】在纽约第二总部因受阻而宣布取消后，本周六，由五名成员组成的阿灵顿县委员会全票通过了对亚马逊的财务奖励方案。此外，弗吉尼亚州还向亚马逊提供了7.5亿美元的一揽子优惠计划，州议会几乎没有任何反对就通过了优惠计划。
http://tech.qq.com/a/20190317/002033.htm

【他把“黄背心”做进了游戏，让玩家感受吃瓜群众的“力量”】这是第一款以城市骚乱为主题的策略游戏，并且制作者为其定义了一个绕口的艺术门类——“互动社会运动纪录片”。游戏中扮演示威者的体验，非常类似于《上帝也疯狂》《地下城守护者》等等牛蛙经典游戏。
http://www.yystv.cn/p/4780

【海昏侯墓发现汉代“六博”棋谱：兵种棋盘类游戏鼻祖】3月14日，江西南昌，海昏侯刘贺墓出土5200余枚简牍中，研究人员辨识出千余枚竹简上记载了一种名为“六博棋”的行棋口诀，属首次发现。“六博”是春秋战国十分流行的一种棋类游戏，是象棋、国际象棋的鼻祖，“棋谱复原后就可以知道该怎么下六博棋”。
http://n.miaopai.com/media/AlZmiXgI7lM2DRgv-LhL-EiMS2PSM3Yw

【83岁吃货爷爷撒娇 ：你给我买嘛】“吃碗螺蛳粉，赢钱赢得狠”、“可乐整两瓶，想输都不行”、“奶茶配珍珠，打牌不会输”...近日，重庆的杨小姐与自己爷爷的聊天记录走红。聊天里老人为让孙女给自己买好吃的，编顺口溜撒娇。杨小姐说，撒娇是83岁爷爷的常态。
https://www.thepaper.cn/newsDetail_forward_3150814

俄苏歌曲冷知识
https://weibo.com/2811286085/HlkcfbwgI

【女子车祸后逃逸8天被抓：对方撞的我，死了活该】山东德州，两辆电动车在路口相撞，其中一位63岁的电动车司机倒地受伤，另一位电动车司机肖某回头看了一眼后，便离开现场。肖某逃逸8天后被抓，怒斥是对方撞上来的，死了活该。目前肖某因肇事逃逸，负事故全部责任。
https://www.pearvideo.com/video_1530717

【深圳楼市繁华落幕，炒房没钱赚了】由于深圳商品房在住房总量中占比极低，大头还是由城中村支撑。因此，只有改善型客户入市，才能带来整个楼市轮换，拉高交易量。
https://www.jiemian.com/article/2954707.html

在线协作文档是你的生产力工具，却是美国00后的私密聊天室
https://www.ifanr.com/1186241?utm_source=rss&utm_medium=rss&utm_campaign=

今年的影帝就给你们俩了
http://video.weibo.com/show?fid=1034:4350703557389460

【Louis Vuitton将不会生产以 Michael Jackson 为灵感的 2019 秋冬系列单品】LV男装创意总监Virgil Abloh表示2019年秋季男装中部分设计灵感源于Michael Jackson，一度引发业界好评，但情况在HBO《离开梦幻岛》播出后发生急剧变化，间接地引发观众对Virgil Abloh以MJ为灵感举措的质疑。
https://mp.weixin.qq.com/s/Ft9i2uLd5HBy9ZfuST_sVw

最幸福的事情就是找几个朋友一起去屋顶卡着晒太阳！！！
http://dig.chouti.com/pic/show?nid=78b170abec9fb03cc1ae0dad418561be&lid=25192131

【50亿跨境并购结果项目破产，光大资本、暴风集团“善后”求解】英国体育版权巨头MPS未能给投资人带来回报，还因债务危机在去年被法院裁定破产清算，这令参与此宗交易的中资方面的巨额投资几乎血本无归。
https://mp.weixin.qq.com/s/PjesO7OR89ugnua4YhIrmA

今晨三星商城被黑客攻击出现bug价，从0点前后一直到3:45，羊毛党发现Galaxy S10系列机型出现过1300/2400/3000的价格直减，部分S10机型一度被羊毛党买断货。三星回应称，前几天的BUG价S10订单不会发货，但作为补偿会送价值699的AKG蓝牙耳机。
https://www.ithome.com/0/414/774.htm

告别大绿棒子，喝点精酿吧！精酿啤酒入门通识其一
https://www.gcores.com/articles/107251

【法国一座机场将开始使用机器人来代客泊车】似乎可以不再为停车位难找而发愁。首先将车开入一个临时停放的公共车库中，锁门后机器人会打开车库后门，将车辆移往真正停放的地点。当你返回机场时，系统会根据你的航班资料，早一步让机器人将车子重新带回车库，你就能在同个地方即时取车。
https://cn.engadget.com/2019/03/16/stanley-robotics-robot-valets-airport-france/

古天乐《明日战记》最新预告“我就系天幕·······天幕就系我·············”
http://video.weibo.com/show?fid=1034:4350605209311334

硬核教学：如何在路边拍出大片？
http://v.douyin.com/2fA7UU/

也别整天看着俩老头老太太互相搀扶着就“这就是爱情最美的模样”的了，就是走不动道了互相搀着点免得摔死，爱情最美的模样啥样我不知道，反正要让我一把年纪还搀着老公免得摔死，那我会觉得一点都不美也不爱情。
https://weibo.com/2330156474/HecyhAai8

特朗普税改一周年：供给侧减税救了美国经济吗？
https://wallstreetcn.com/articles/3494978

帝国的财政逻辑：中西赋税制度的根本区别
https://mp.weixin.qq.com/s/aXKlQVtwz_VH_joxS8Eq9g

委内瑞拉，一个参加抗议的女孩展示被国民警卫队发射的催泪瓦斯弹击中胸部后留下的印痕～
http://video.weibo.com/show?fid=1034:4350769793842708

远看还真以为是新设计的字体了。。。
http://dig.chouti.com/pic/show?nid=f3c228a352e5baac913f8671b4fdfb07&lid=25196061

【没有绝对安全的USB接口 一根数据线如何变身电脑杀手】近日，研究人员公布一个新漏洞“Thunderclap”，影响Mac、Windows与Linux平台。该漏洞会影响所有使用Thunderbolt接口的设备，并允许黑客通过插入数据线来黑入PC。
https://www.leiphone.com/news/201903/E3Y9x4TAjYn8wwb2.html

【日本坦克在美国本土驰骋】当地时间2月9日至2月24日，日本陆上自卫队第7师团第72战车联队同美国陆军第25步兵师第1斯崔克旅级战斗队在美国加利福尼亚州欧文堡国家训练中心进行联合训练。欧文堡基地是美军最早大规模建立专业假想敌部队的基地，我军的朱日和基地就是参考欧文堡建立的。
https://weibo.com/tv/v/HlkrWgWGD

【美妆“全球代言人”变迁史：三十年河西，三十年河东】从大众品牌到高端品牌；从超模到流量明星；从品牌大使到全球代言人，我们可以看出，随着经济、媒介、娱乐业的发展，中国明星之于国际品牌的角色变迁史，亦是中国市场之于全球美妆的地位进阶史。
https://mp.weixin.qq.com/s/cGPMa6FMOFwuUOceZPIJhQ

【亚马逊第二总部重大进展：弗吉尼亚当地批准5100万美元奖励，其中2300万美元会是现金】在纽约第二总部因受阻而宣布取消后，本周六，由五名成员组成的阿灵顿县委员会全票通过了对亚马逊的财务奖励方案。此外，弗吉尼亚州还向亚马逊提供了7.5亿美元的一揽子优惠计划，州议会几乎没有任何反对就通过了优惠计划。
http://tech.qq.com/a/20190317/002033.htm

【他把“黄背心”做进了游戏，让玩家感受吃瓜群众的“力量”】这是第一款以城市骚乱为主题的策略游戏，并且制作者为其定义了一个绕口的艺术门类——“互动社会运动纪录片”。游戏中扮演示威者的体验，非常类似于《上帝也疯狂》《地下城守护者》等等牛蛙经典游戏。
http://www.yystv.cn/p/4780

【海昏侯墓发现汉代“六博”棋谱：兵种棋盘类游戏鼻祖】3月14日，江西南昌，海昏侯刘贺墓出土5200余枚简牍中，研究人员辨识出千余枚竹简上记载了一种名为“六博棋”的行棋口诀，属首次发现。“六博”是春秋战国十分流行的一种棋类游戏，是象棋、国际象棋的鼻祖，“棋谱复原后就可以知道该怎么下六博棋”。
http://n.miaopai.com/media/AlZmiXgI7lM2DRgv-LhL-EiMS2PSM3Yw

【83岁吃货爷爷撒娇 ：你给我买嘛】“吃碗螺蛳粉，赢钱赢得狠”、“可乐整两瓶，想输都不行”、“奶茶配珍珠，打牌不会输”...近日，重庆的杨小姐与自己爷爷的聊天记录走红。聊天里老人为让孙女给自己买好吃的，编顺口溜撒娇。杨小姐说，撒娇是83岁爷爷的常态。
https://www.thepaper.cn/newsDetail_forward_3150814

俄苏歌曲冷知识
https://weibo.com/2811286085/HlkcfbwgI

【女子车祸后逃逸8天被抓：对方撞的我，死了活该】山东德州，两辆电动车在路口相撞，其中一位63岁的电动车司机倒地受伤，另一位电动车司机肖某回头看了一眼后，便离开现场。肖某逃逸8天后被抓，怒斥是对方撞上来的，死了活该。目前肖某因肇事逃逸，负事故全部责任。
https://www.pearvideo.com/video_1530717

【深圳楼市繁华落幕，炒房没钱赚了】由于深圳商品房在住房总量中占比极低，大头还是由城中村支撑。因此，只有改善型客户入市，才能带来整个楼市轮换，拉高交易量。
https://www.jiemian.com/article/2954707.html

在线协作文档是你的生产力工具，却是美国00后的私密聊天室
https://www.ifanr.com/1186241?utm_source=rss&utm_medium=rss&utm_campaign=

今年的影帝就给你们俩了
http://video.weibo.com/show?fid=1034:4350703557389460

【Louis Vuitton将不会生产以 Michael Jackson 为灵感的 2019 秋冬系列单品】LV男装创意总监Virgil Abloh表示2019年秋季男装中部分设计灵感源于Michael Jackson，一度引发业界好评，但情况在HBO《离开梦幻岛》播出后发生急剧变化，间接地引发观众对Virgil Abloh以MJ为灵感举措的质疑。
https://mp.weixin.qq.com/s/Ft9i2uLd5HBy9ZfuST_sVw

最幸福的事情就是找几个朋友一起去屋顶卡着晒太阳！！！
http://dig.chouti.com/pic/show?nid=78b170abec9fb03cc1ae0dad418561be&lid=25192131

【50亿跨境并购结果项目破产，光大资本、暴风集团“善后”求解】英国体育版权巨头MPS未能给投资人带来回报，还因债务危机在去年被法院裁定破产清算，这令参与此宗交易的中资方面的巨额投资几乎血本无归。
https://mp.weixin.qq.com/s/PjesO7OR89ugnua4YhIrmA

今晨三星商城被黑客攻击出现bug价，从0点前后一直到3:45，羊毛党发现Galaxy S10系列机型出现过1300/2400/3000的价格直减，部分S10机型一度被羊毛党买断货。三星回应称，前几天的BUG价S10订单不会发货，但作为补偿会送价值699的AKG蓝牙耳机。
https://www.ithome.com/0/414/774.htm

告别大绿棒子，喝点精酿吧！精酿啤酒入门通识其一
https://www.gcores.com/articles/107251

【法国一座机场将开始使用机器人来代客泊车】似乎可以不再为停车位难找而发愁。首先将车开入一个临时停放的公共车库中，锁门后机器人会打开车库后门，将车辆移往真正停放的地点。当你返回机场时，系统会根据你的航班资料，早一步让机器人将车子重新带回车库，你就能在同个地方即时取车。
https://cn.engadget.com/2019/03/16/stanley-robotics-robot-valets-airport-france/

古天乐《明日战记》最新预告“我就系天幕·······天幕就系我·············”
http://video.weibo.com/show?fid=1034:4350605209311334

硬核教学：如何在路边拍出大片？
http://v.douyin.com/2fA7UU/

也别整天看着俩老头老太太互相搀扶着就“这就是爱情最美的模样”的了，就是走不动道了互相搀着点免得摔死，爱情最美的模样啥样我不知道，反正要让我一把年纪还搀着老公免得摔死，那我会觉得一点都不美也不爱情。
https://weibo.com/2330156474/HecyhAai8

特朗普税改一周年：供给侧减税救了美国经济吗？
https://wallstreetcn.com/articles/3494978

帝国的财政逻辑：中西赋税制度的根本区别
https://mp.weixin.qq.com/s/aXKlQVtwz_VH_joxS8Eq9g

委内瑞拉，一个参加抗议的女孩展示被国民警卫队发射的催泪瓦斯弹击中胸部后留下的印痕～
http://video.weibo.com/show?fid=1034:4350769793842708

远看还真以为是新设计的字体了。。。
http://dig.chouti.com/pic/show?nid=f3c228a352e5baac913f8671b4fdfb07&lid=25196061

【没有绝对安全的USB接口 一根数据线如何变身电脑杀手】近日，研究人员公布一个新漏洞“Thunderclap”，影响Mac、Windows与Linux平台。该漏洞会影响所有使用Thunderbolt接口的设备，并允许黑客通过插入数据线来黑入PC。
https://www.leiphone.com/news/201903/E3Y9x4TAjYn8wwb2.html

【日本坦克在美国本土驰骋】当地时间2月9日至2月24日，日本陆上自卫队第7师团第72战车联队同美国陆军第25步兵师第1斯崔克旅级战斗队在美国加利福尼亚州欧文堡国家训练中心进行联合训练。欧文堡基地是美军最早大规模建立专业假想敌部队的基地，我军的朱日和基地就是参考欧文堡建立的。
https://weibo.com/tv/v/HlkrWgWGD

【美妆“全球代言人”变迁史：三十年河西，三十年河东】从大众品牌到高端品牌；从超模到流量明星；从品牌大使到全球代言人，我们可以看出，随着经济、媒介、娱乐业的发展，中国明星之于国际品牌的角色变迁史，亦是中国市场之于全球美妆的地位进阶史。
https://mp.weixin.qq.com/s/cGPMa6FMOFwuUOceZPIJhQ

【亚马逊第二总部重大进展：弗吉尼亚当地批准5100万美元奖励，其中2300万美元会是现金】在纽约第二总部因受阻而宣布取消后，本周六，由五名成员组成的阿灵顿县委员会全票通过了对亚马逊的财务奖励方案。此外，弗吉尼亚州还向亚马逊提供了7.5亿美元的一揽子优惠计划，州议会几乎没有任何反对就通过了优惠计划。
http://tech.qq.com/a/20190317/002033.htm

【他把“黄背心”做进了游戏，让玩家感受吃瓜群众的“力量”】这是第一款以城市骚乱为主题的策略游戏，并且制作者为其定义了一个绕口的艺术门类——“互动社会运动纪录片”。游戏中扮演示威者的体验，非常类似于《上帝也疯狂》《地下城守护者》等等牛蛙经典游戏。
http://www.yystv.cn/p/4780

【海昏侯墓发现汉代“六博”棋谱：兵种棋盘类游戏鼻祖】3月14日，江西南昌，海昏侯刘贺墓出土5200余枚简牍中，研究人员辨识出千余枚竹简上记载了一种名为“六博棋”的行棋口诀，属首次发现。“六博”是春秋战国十分流行的一种棋类游戏，是象棋、国际象棋的鼻祖，“棋谱复原后就可以知道该怎么下六博棋”。
http://n.miaopai.com/media/AlZmiXgI7lM2DRgv-LhL-EiMS2PSM3Yw

【83岁吃货爷爷撒娇 ：你给我买嘛】“吃碗螺蛳粉，赢钱赢得狠”、“可乐整两瓶，想输都不行”、“奶茶配珍珠，打牌不会输”...近日，重庆的杨小姐与自己爷爷的聊天记录走红。聊天里老人为让孙女给自己买好吃的，编顺口溜撒娇。杨小姐说，撒娇是83岁爷爷的常态。
https://www.thepaper.cn/newsDetail_forward_3150814

俄苏歌曲冷知识
https://weibo.com/2811286085/HlkcfbwgI

【女子车祸后逃逸8天被抓：对方撞的我，死了活该】山东德州，两辆电动车在路口相撞，其中一位63岁的电动车司机倒地受伤，另一位电动车司机肖某回头看了一眼后，便离开现场。肖某逃逸8天后被抓，怒斥是对方撞上来的，死了活该。目前肖某因肇事逃逸，负事故全部责任。
https://www.pearvideo.com/video_1530717

【深圳楼市繁华落幕，炒房没钱赚了】由于深圳商品房在住房总量中占比极低，大头还是由城中村支撑。因此，只有改善型客户入市，才能带来整个楼市轮换，拉高交易量。
https://www.jiemian.com/article/2954707.html

在线协作文档是你的生产力工具，却是美国00后的私密聊天室
https://www.ifanr.com/1186241?utm_source=rss&utm_medium=rss&utm_campaign=

今年的影帝就给你们俩了
http://video.weibo.com/show?fid=1034:4350703557389460

【Louis Vuitton将不会生产以 Michael Jackson 为灵感的 2019 秋冬系列单品】LV男装创意总监Virgil Abloh表示2019年秋季男装中部分设计灵感源于Michael Jackson，一度引发业界好评，但情况在HBO《离开梦幻岛》播出后发生急剧变化，间接地引发观众对Virgil Abloh以MJ为灵感举措的质疑。
https://mp.weixin.qq.com/s/Ft9i2uLd5HBy9ZfuST_sVw

最幸福的事情就是找几个朋友一起去屋顶卡着晒太阳！！！
http://dig.chouti.com/pic/show?nid=78b170abec9fb03cc1ae0dad418561be&lid=25192131

【50亿跨境并购结果项目破产，光大资本、暴风集团“善后”求解】英国体育版权巨头MPS未能给投资人带来回报，还因债务危机在去年被法院裁定破产清算，这令参与此宗交易的中资方面的巨额投资几乎血本无归。
https://mp.weixin.qq.com/s/PjesO7OR89ugnua4YhIrmA

今晨三星商城被黑客攻击出现bug价，从0点前后一直到3:45，羊毛党发现Galaxy S10系列机型出现过1300/2400/3000的价格直减，部分S10机型一度被羊毛党买断货。三星回应称，前几天的BUG价S10订单不会发货，但作为补偿会送价值699的AKG蓝牙耳机。
https://www.ithome.com/0/414/774.htm

告别大绿棒子，喝点精酿吧！精酿啤酒入门通识其一
https://www.gcores.com/articles/107251

【法国一座机场将开始使用机器人来代客泊车】似乎可以不再为停车位难找而发愁。首先将车开入一个临时停放的公共车库中，锁门后机器人会打开车库后门，将车辆移往真正停放的地点。当你返回机场时，系统会根据你的航班资料，早一步让机器人将车子重新带回车库，你就能在同个地方即时取车。
https://cn.engadget.com/2019/03/16/stanley-robotics-robot-valets-airport-france/

古天乐《明日战记》最新预告“我就系天幕·······天幕就系我·············”
http://video.weibo.com/show?fid=1034:4350605209311334

硬核教学：如何在路边拍出大片？
http://v.douyin.com/2fA7UU/

也别整天看着俩老头老太太互相搀扶着就“这就是爱情最美的模样”的了，就是走不动道了互相搀着点免得摔死，爱情最美的模样啥样我不知道，反正要让我一把年纪还搀着老公免得摔死，那我会觉得一点都不美也不爱情。
https://weibo.com/2330156474/HecyhAai8

特朗普税改一周年：供给侧减税救了美国经济吗？
https://wallstreetcn.com/articles/3494978

帝国的财政逻辑：中西赋税制度的根本区别
https://mp.weixin.qq.com/s/aXKlQVtwz_VH_joxS8Eq9g

委内瑞拉，一个参加抗议的女孩展示被国民警卫队发射的催泪瓦斯弹击中胸部后留下的印痕～
http://video.weibo.com/show?fid=1034:4350769793842708

远看还真以为是新设计的字体了。。。
http://dig.chouti.com/pic/show?nid=f3c228a352e5baac913f8671b4fdfb07&lid=25196061

【没有绝对安全的USB接口 一根数据线如何变身电脑杀手】近日，研究人员公布一个新漏洞“Thunderclap”，影响Mac、Windows与Linux平台。该漏洞会影响所有使用Thunderbolt接口的设备，并允许黑客通过插入数据线来黑入PC。
https://www.leiphone.com/news/201903/E3Y9x4TAjYn8wwb2.html

【日本坦克在美国本土驰骋】当地时间2月9日至2月24日，日本陆上自卫队第7师团第72战车联队同美国陆军第25步兵师第1斯崔克旅级战斗队在美国加利福尼亚州欧文堡国家训练中心进行联合训练。欧文堡基地是美军最早大规模建立专业假想敌部队的基地，我军的朱日和基地就是参考欧文堡建立的。
https://weibo.com/tv/v/HlkrWgWGD

【美妆“全球代言人”变迁史：三十年河西，三十年河东】从大众品牌到高端品牌；从超模到流量明星；从品牌大使到全球代言人，我们可以看出，随着经济、媒介、娱乐业的发展，中国明星之于国际品牌的角色变迁史，亦是中国市场之于全球美妆的地位进阶史。
https://mp.weixin.qq.com/s/cGPMa6FMOFwuUOceZPIJhQ

【亚马逊第二总部重大进展：弗吉尼亚当地批准5100万美元奖励，其中2300万美元会是现金】在纽约第二总部因受阻而宣布取消后，本周六，由五名成员组成的阿灵顿县委员会全票通过了对亚马逊的财务奖励方案。此外，弗吉尼亚州还向亚马逊提供了7.5亿美元的一揽子优惠计划，州议会几乎没有任何反对就通过了优惠计划。
http://tech.qq.com/a/20190317/002033.htm

【他把“黄背心”做进了游戏，让玩家感受吃瓜群众的“力量”】这是第一款以城市骚乱为主题的策略游戏，并且制作者为其定义了一个绕口的艺术门类——“互动社会运动纪录片”。游戏中扮演示威者的体验，非常类似于《上帝也疯狂》《地下城守护者》等等牛蛙经典游戏。
http://www.yystv.cn/p/4780

【海昏侯墓发现汉代“六博”棋谱：兵种棋盘类游戏鼻祖】3月14日，江西南昌，海昏侯刘贺墓出土5200余枚简牍中，研究人员辨识出千余枚竹简上记载了一种名为“六博棋”的行棋口诀，属首次发现。“六博”是春秋战国十分流行的一种棋类游戏，是象棋、国际象棋的鼻祖，“棋谱复原后就可以知道该怎么下六博棋”。
http://n.miaopai.com/media/AlZmiXgI7lM2DRgv-LhL-EiMS2PSM3Yw

【83岁吃货爷爷撒娇 ：你给我买嘛】“吃碗螺蛳粉，赢钱赢得狠”、“可乐整两瓶，想输都不行”、“奶茶配珍珠，打牌不会输”...近日，重庆的杨小姐与自己爷爷的聊天记录走红。聊天里老人为让孙女给自己买好吃的，编顺口溜撒娇。杨小姐说，撒娇是83岁爷爷的常态。
https://www.thepaper.cn/newsDetail_forward_3150814

俄苏歌曲冷知识
https://weibo.com/2811286085/HlkcfbwgI

【女子车祸后逃逸8天被抓：对方撞的我，死了活该】山东德州，两辆电动车在路口相撞，其中一位63岁的电动车司机倒地受伤，另一位电动车司机肖某回头看了一眼后，便离开现场。肖某逃逸8天后被抓，怒斥是对方撞上来的，死了活该。目前肖某因肇事逃逸，负事故全部责任。
https://www.pearvideo.com/video_1530717

【深圳楼市繁华落幕，炒房没钱赚了】由于深圳商品房在住房总量中占比极低，大头还是由城中村支撑。因此，只有改善型客户入市，才能带来整个楼市轮换，拉高交易量。
https://www.jiemian.com/article/2954707.html

在线协作文档是你的生产力工具，却是美国00后的私密聊天室
https://www.ifanr.com/1186241?utm_source=rss&utm_medium=rss&utm_campaign=

今年的影帝就给你们俩了
http://video.weibo.com/show?fid=1034:4350703557389460

【Louis Vuitton将不会生产以 Michael Jackson 为灵感的 2019 秋冬系列单品】LV男装创意总监Virgil Abloh表示2019年秋季男装中部分设计灵感源于Michael Jackson，一度引发业界好评，但情况在HBO《离开梦幻岛》播出后发生急剧变化，间接地引发观众对Virgil Abloh以MJ为灵感举措的质疑。
https://mp.weixin.qq.com/s/Ft9i2uLd5HBy9ZfuST_sVw

最幸福的事情就是找几个朋友一起去屋顶卡着晒太阳！！！
http://dig.chouti.com/pic/show?nid=78b170abec9fb03cc1ae0dad418561be&lid=25192131

【50亿跨境并购结果项目破产，光大资本、暴风集团“善后”求解】英国体育版权巨头MPS未能给投资人带来回报，还因债务危机在去年被法院裁定破产清算，这令参与此宗交易的中资方面的巨额投资几乎血本无归。
https://mp.weixin.qq.com/s/PjesO7OR89ugnua4YhIrmA

今晨三星商城被黑客攻击出现bug价，从0点前后一直到3:45，羊毛党发现Galaxy S10系列机型出现过1300/2400/3000的价格直减，部分S10机型一度被羊毛党买断货。三星回应称，前几天的BUG价S10订单不会发货，但作为补偿会送价值699的AKG蓝牙耳机。
https://www.ithome.com/0/414/774.htm

告别大绿棒子，喝点精酿吧！精酿啤酒入门通识其一
https://www.gcores.com/articles/107251

